1657926241827	geckodriver	INFO	Listening on 127.0.0.1:60589
1657926280687	geckodriver	INFO	Listening on 127.0.0.1:60598
1657926285870	geckodriver	INFO	Listening on 127.0.0.1:60614
1657926466203	geckodriver	INFO	Listening on 127.0.0.1:60821
1657926469104	mozrunner::runner	INFO	Running command: "C:\\Program Files\\Mozilla Firefox\\firefox.exe" "--marionette" "--headless" "--remote-debugging-port" "60822" "--remote-allow-hosts" "localhost" "-no-remote" "-profile" "C:\\Users\\joses\\AppData\\Local\\Temp\\rust_mozprofileIQNVs9"
*** You are running in headless mode.
1657926469962	Marione1657926472326	mozrunner::runner	INFO	Running command: "C:\\Program Files\\Mozilla Firefox\\firefox.exe" "--marionette" "--headless" "--remote-debugging-port" "60830" "--remote-allow-hosts" "localhost" "-no-remote" "-profile" "C:\\Users\\joses\\AppData\\Local\\Temp\\rust_mozprofile0ezUjI"
*** You ar1657926474538	mozrunner::runner	INFO	Running command: "C:\\Program Files\\Mozilla Firefox\\firefox.exe" "--marionette" "--headless" "--remote-debugging-port" "60843" "--remote-allow-hosts" "localhost" "-no-remote" "-profile" "C:\\UDevTools listening on ws://localhost:60822/devtools/browse[GFX1-]: RenderCompositorSWGL failed mapping default framebuffer, no dt
console.warn: SearchSettings: "get: No settings file exists, new profile?" (new NotFoundError("Could not open the file at C:\\Users\\joses\\AppData\\Local\\Temp\\rust_mozprofile0ezUjI\\search.json.mozlz1657926486065	Marionette	WARN	TimedPromise timed out after 500 ms: stacktrace:
TimedPromise/<@chrome://remote/content/marionette/sync.js:234:19
Ticonsole.warn: SearchSettings: "get: No settings file exists, new profile?" (new NotFoundError("Could not open the file at C:\\Users\\joses\\AppData\\Local\\Temp\\rust_mozprofileEVPTCX\\search.json.mozlz4", (void 0)))
console.e[Parent 1744, IPC I/O Parent] WARNING: file /builds/worker/checkouts/gecko/ipc/chromium/src/base/process_util_win.cc:167
egion.jsm: "Failed to fetch region" (new Error("NO_RESULT", "resource://gre/modules/Region.jsm", 419))
DevTools listening on ws://localhost:60843/devtools/browser/2ea6eed1-f5b0-446a-8752-0be9f3f69c8d
[Parent 8124, IPC I/O Parent] WARNING: file /builds/worker/checkouts/gecko/ipc/chromium/src/base/process_util_win.cc:167
failed mapping default framebuffer, no dt
console.warn: SearchSettings: "get: No settings file exists, new profile?" (new NotFoundError("Could not open the file at C:\\Users\\joses\\AppData\\Local\\Temp\\rust_mozprofile6fP6PS\\search.json.mozlz4", (void 0)))
console.error: Region.jsm: "Error fetching region" (new Error("TIMEOUT", "resource://gre/modules/Region.jsm", 767))
console.error: Region.jsm: "Failed to fetch region" (new Error("TIMEOUT", "resource://gre/modules/Region.jsm", 419))
DevTools listening on ws://localhost:60906/devtools/browser/7ef3665f-77e9-4299-b3b3-1d854cbbf0d8
1657926635986	geckodriver	INFO	Listening on 127.0.0.1:61143
1657926639021	mozrunner::runner	INFO	Running command: "C:\\P1657926639405	mozrunner::runner	INFO	Running command: "C:\\P1657926641054	mozrunner::runner	INFO	Running command: "C:\\Program Files\\Mozilla Firefox\\firefox.exe" "--marionette" "--headless" "--remote-debugging-port" "61159" "--remote-allow-hosts" "localhost" "-no-remote" "-profile" "C:\\Users\\joses\\AppData\\Local\\Temp\\rust_mozprofileD23j9N"
*** You are running in headless mode.
1657926642082	Marionette	INFO	Marionette enabled
161657926643138	RemoteAgent	WARN	TLS certificate errors will be ignored for this session
[GFX1-]: RenderCompositorSWGL failed mapping default framebu[GFX1-]: Rendconsole.warn: SearchSettings: "get: No settings[GFX1-]: RenderCompositorSWGL failed mapping default framebuffer, no dt
console.warn: SearchSettings: "get: No settings file exists, new profile?" (new NotFoundError("Could not open the file at C:\\Users\\joses\\AppData\\Local\\Temp\\rust_mozprofileD23j9N\\search.json.mozlz4", (void 0)))
console.error: Region.jsm: "Error fetching region" (new Error("TIMEOUT", "resource://gre/modules/Region.jsm", 767))
console.error: Region.jsm: "Failed to fetch region" (new Error("TIMEOUT", "resource://gre/module1657926660186	Marionette	WARN	Ignoring event 'DOMContentLoaded' because document has an invalid readyState of 'complete'1657926660221	Marionette	WARN	Ignoring event 'DOMContentLoaded'JavaScript error: , line 0: NS_ERROR_NOT_AVAILABLE
JavaScript error: , line 0: NotFoundError: Could not move source file(C:\Users\joses\AppData\Local\Temp\rust_mozprofileojafUK\bookmarkbackups\bookmarks-2022-07-15_11_3PNJ5yTPcQWvmh8-meGUIw==.jsonlz4) because it does not exist
JavaScript error: , line 0: NS_ERROR_NOT_AVAILABLE
 "C:\\Users\\joses\\AppData\\Local\\Temp\\rust_mozprofiledFD6Ti"
1657926780810	Marionette	INFO	Marionette enabled
1657926780815	Marionette	INFO	Listening on port 61460
WebDriver BiDi listening on ws://localhost:61442
Read port: 61459
1657926782610	RemoteAgent	WARN	TLS certificate errors will be ignored for this session
console.warn: SearchSettings: "get: No settings file exists, new profile?" (new NotFoundError("Could not open the file at C:\\Users\\joses\\AppData\\Local\\Temp\\rust_mozprofiledFD6Ti\\search.json.mozlz4", (void 0)))
DevTools listening on ws://localhost:61442/devtools/browser/40363626-9c43-4e2d-a565-27af2d280bcf
1657926797686	Marionette	WARN	TimedPromise timed out after 500 ms: stacktrace:
TimedPromise/<@chrome://remote/content/mariJavaScript error: resource://gre/actors/DateTimePickerChild.jsm, line 64: TypeError: aElement is null
1657926840827	Marionette	INFO	Stopped listening on port 61460
console.warn: TopSitesFeed: Failed to fetch data from Contile server: NetworkError when attempting to fetch resource.
actors/DateTimePickerChild.jsm, line 64: TypeError: aElement is null
1657926836027	Marionette	INFO	Stopped listening on port 61459
console.warn: TopSitesFeed: Failed to fetch data from Contile server: NetworkError when attempting to fetch resource.
JavaScript error: resource://gre/modules/CrashManager.jsm, line 906: AbortError: IOUtils: Shutting down and refusing additional I/O tasks
1657926886654	geckodriver	INFO	Listening on 127.0.0.1:61581
1657926889708	mozrunner::runner	INFO	Running command: "C:\\Program Files\\Mozilla Firefox\\firefox.exe" "--marionette" "--remote-debugging-port" "61582" "--remote-allow-hosts" "localhost" "-no-remote" "-profile" "C:\\Users\\joses\\AppData\\Local\\Temp\\rust_mozprofileKv1kXk"
1657926890603	Marionette	INFO	Marionette enabled
1657926890616	Marionette	INFO	Listening on port 61591
WebDriver BiDi listening on ws://localhost:61582
Read port: 61591
1657926891503	RemoteAgent	WARN	TLS certificate errors will be ignored for this session
console.warn: SearchSettings: "get: No settings file exists, new profile?" (new NotFoundError("Could not open the file at C:\\Users\\joses\\AppData\\Local\\Temp\\rust_mozprofileKv1kXk\\search.json.mozlz4", (void 0)))
DevTools listening on ws://localhost:61582/devtools/browser/59689413-13ff-47b4-a784-c57b1d359ee2
1657926898104	Marionette	WARN	TimedPromise timed out after 500 ms: stacktrace:
TimedPromise/<@chrome://remote/content/marionette/sync.js:234:19
TimedPromise@chrome://remote/content/marionette/sync.js:219:10
interaction.flushEventLoop@chrome://remote/content/marionette/interaction.js:431:10
webdriverClickElement@chrome://remote/content/marionette/interaction.js:179:31
JavaScript error: resource://gre/actors/DateTimePickerChild.jsm, line 64: TypeError: aElement is null
JavaScript error: resource://gre/actors/DateTimePickerChild.jsm, line 64: TypeError: aElement is null
JavaScript error: resource:///modules/UrlbarProviderHeuristicFallback.jsm, line 201: URIError: malformed URI sequence
JavaScript error: resource://gre/actors/DateTimePickerChild.jsm, line 64: TypeError: aElement is null
1657927131406	Marionette	INFO	Stopped listening on port 61591
console.warn: TopSitesFeed: Failed to fetch data from Contile server: NetworkError when attempting to fetch resource.
!!! error running onStopped callback: TypeError: callback is not a function
1657927141592	geckodriver	INFO	Listening on 127.0.0.1:61711
1657927144664	mozrunner::runner	INFO	Running command: "C:\\Program Files\\Mozilla Firefox\\firefox.exe" "--marionette" "--remote-debugging-port" "61712" "--remote-allow-hosts" "localhost" "-no-remote" "-profile" "C:\\Users\\joses\\AppData\\Local\\Temp\\rust_mozprofilekUQpOT"
1657927145777	Marionette	INFO	Marionette enabled
1657927145782	Marionette	INFO	Listening on port 61721
WebDriver BiDi listening on ws://localhost:61712
Read port: 61721
1657927147028	RemoteAgent	WARN	TLS certificate errors will be ignored for this session
console.warn: SearchSettings: "get: No settings file exists, new profile?" (new NotFoundError("Could not open the file at C:\\Users\\joses\\AppData\\Local\\Temp\\rust_mozprofilekUQpOT\\search.json.mozlz4", (void 0)))
DevTools listening on ws://localhost:61712/devtools/browser/2565db44-f22e-4d6f-b593-11fc452da702
JavaScript error: resource://gre/actors/DateTimePickerChild.jsm, line 64: TypeError: aElement is null
1657927191073	Marionette	INFO	Stopped listening on port 61721
console.warn: TopSitesFeed: Failed to fetch data from Contile server: NetworkError when attempting to fetch resource.
[Parent 1704, IPC I/O Parent] WARNING: file /builds/worker/checkouts/gecko/ipc/chromium/src/base/process_util_win.cc:167
1657928090785	geckodriver	INFO	Listening on 127.0.0.1:61910
1657928093833	mozrunner::runner	INFO	Running command: "C:\\Program Files\\Mozilla Firefox\\firefox.exe" "--marionette" "--remote-debugging-port" "61911" "--remote-allow-hosts" "localhost" "-no-remote" "-profile" "C:\\Users\\joses\\AppData\\Local\\Temp\\rust_mozprofilexB5Nik"
1657928094206	Marionette	INFO	Marionette enabled
1657928094211	Marionette	INFO	Listening on port 61920
WebDriver BiDi listening on ws://localhost:61911
Read port: 61920
1657928095118	RemoteAgent	WARN	TLS certificate errors will be ignored for this session
console.warn: SearchSettings: "get: No settings file exists, new profile?" (new NotFoundError("Could not open the file at C:\\Users\\joses\\AppData\\Local\\Temp\\rust_mozprofilexB5Nik\\search.json.mozlz4", (void 0)))
DevTools listening on ws://localhost:61911/devtools/browser/d06a8da1-148c-4122-84b7-d8a0788dcae6
1657928102016	Marionette	WARN	TimedPromise timed out after 500 ms: stacktrace:
TimedPromise/<@chrome://remote/content/marionette/sync.js:234:19
TimedPromise@chrome://remote/content/marionette/sync.js:219:10
interaction.flushEventLoop@chrome://remote/content/marionette/interaction.js:431:10
webdriverClickElement@chrome://remote/content/marionette/interaction.js:179:31
1657928102775	Marionette	WARN	TimedPromise timed out after 500 ms: stacktrace:
TimedPromise/<@chrome://remote/content/marionette/sync.js:234:19
TimedPromise@chrome://remote/content/marionette/sync.js:219:10
interaction.flushEventLoop@chrome://remote/content/marionette/interaction.js:431:10
webdriverClickElement@chrome://remote/content/marionette/interaction.js:179:31
JavaScript error: resource://gre/actors/DateTimePickerChild.jsm, line 64: TypeError: aElement is null
1657928347329	geckodriver	INFO	Listening on 127.0.0.1:62017
1657928350396	mozrunner::runner	INFO	Running command: "C:\\Program Files\\Mozilla Firefox\\firefox.exe" "--marionette" "--remote-debugging-port" "62018" "--remote-allow-hosts" "localhost" "-no-remote" "-profile" "C:\\Users\\joses\\AppData\\Local\\Temp\\rust_mozprofileIzk8ut"
1657928350821	Marionette	INFO	Marionette enabled
1657928350828	Marionette	INFO	Listening on port 62027
WebDriver BiDi listening on ws://localhost:62018
Read port: 62027
1657928352801	RemoteAgent	WARN	TLS certificate errors will be ignored for this session
console.warn: SearchSettings: "get: No settings file exists, new profile?" (new NotFoundError("Could not open the file at C:\\Users\\joses\\AppData\\Local\\Temp\\rust_mozprofileIzk8ut\\search.json.mozlz4", (void 0)))
DevTools listening on ws://localhost:62018/devtools/browser/2582d256-8658-45e2-91f8-9a51c47b1550
JavaScript error: resource://gre/actors/DateTimePickerChild.jsm, line 64: TypeError: aElement is null
JavaScript error: resource://gre/actors/DateTimePickerChild.jsm, line 64: TypeError: aElement is null
1657928489639	geckodriver	INFO	Listening on 127.0.0.1:62112
1657928493077	mozrunner::runner	INFO	Running command: "C:\\Program Files\\Mozilla Firefox\\firefox.exe" "--marionette" "--remote-debugging-port" "62113" "--remote-allow-hosts" "localhost" "-no-remote" "-profile" "C:\\Users\\joses\\AppData\\Local\\Temp\\rust_mozprofiledoAFaW"
1657928493764	Marionette	INFO	Marionette enabled
1657928493770	Marionette	INFO	Listening on port 62122
WebDriver BiDi listening on ws://localhost:62113
Read port: 62122
1657928496246	RemoteAgent	WARN	TLS certificate errors will be ignored for this session
console.warn: SearchSettings: "get: No settings file exists, new profile?" (new NotFoundError("Could not open the file at C:\\Users\\joses\\AppData\\Local\\Temp\\rust_mozprofiledoAFaW\\search.json.mozlz4", (void 0)))
DevTools listening on ws://localhost:62113/devtools/browser/56267df8-d514-408a-83a8-6342765716fd
JavaScript error: resource://gre/actors/DateTimePickerChild.jsm, line 64: TypeError: aElement is null
JavaScript error: resource://gre/actors/DateTimePickerChild.jsm, line 64: TypeError: aElement is null
1657928588541	Marionette	INFO	Stopped listening on port 62122
console.warn: TopSitesFeed: Failed to fetch data from Contile server: NetworkError when attempting to fetch resource.
!!! error running onStopped callback: TypeError: callback is not a function
1657929026329	geckodriver	INFO	Listening on 127.0.0.1:62292
1657929029381	mozrunner::runner	INFO	Running command: "C:\\Program Files\\Mozilla Firefox\\firefox.exe" "--marionette" "--remote-debugging-port" "62293" "--remote-allow-hosts" "localhost" "-no-remote" "-profile" "C:\\Users\\joses\\AppData\\Local\\Temp\\rust_mozprofileWrYFvZ"
1657929029840	Marionette	INFO	Marionette enabled
1657929029847	Marionette	INFO	Listening on port 62302
WebDriver BiDi listening on ws://localhost:62293
Read port: 62302
1657929030549	RemoteAgent	WARN	TLS certificate errors will be ignored for this session
console.warn: SearchSettings: "get: No settings file exists, new profile?" (new NotFoundError("Could not open the file at C:\\Users\\joses\\AppData\\Local\\Temp\\rust_mozprofileWrYFvZ\\search.json.mozlz4", (void 0)))
DevTools listening on ws://localhost:62293/devtools/browser/c1f52ef7-fd5b-42f3-805c-b105aadf01b7
JavaScript error: resource://gre/actors/DateTimePickerChild.jsm, line 64: TypeError: aElement is null
1657929037587	Marionette	WARN	TimedPromise timed out after 500 ms: stacktrace:
TimedPromise/<@chrome://remote/content/marionette/sync.js:234:19
TimedPromise@chrome://remote/content/marionette/sync.js:219:10
interaction.flushEventLoop@chrome://remote/content/marionette/interaction.js:431:10
webdriverClickElement@chrome://remote/content/marionette/interaction.js:179:31
JavaScript error: resource://gre/actors/DateTimePickerChild.jsm, line 64: TypeError: aElement is null
1657929038327	Marionette	WARN	TimedPromise timed out after 500 ms: stacktrace:
TimedPromise/<@chrome://remote/content/marionette/sync.js:234:19
TimedPromise@chrome://remote/content/marionette/sync.js:219:10
interaction.flushEventLoop@chrome://remote/content/marionette/interaction.js:431:10
webdriverClickElement@chrome://remote/content/marionette/interaction.js:179:31
1657929186037	geckodriver	INFO	Listening on 127.0.0.1:62390
1657929189037	mozrunner::runner	INFO	Running command: "C:\\Program Files\\Mozilla Firefox\\firefox.exe" "--marionette" "--remote-debugging-port" "62391" "--remote-allow-hosts" "localhost" "-no-remote" "-profile" "C:\\Users\\joses\\AppData\\Local\\Temp\\rust_mozprofileqIZI6r"
1657929189658	Marionette	INFO	Marionette enabled
1657929189663	Marionette	INFO	Listening on port 62400
WebDriver BiDi listening on ws://localhost:62391
Read port: 62400
1657929190452	RemoteAgent	WARN	TLS certificate errors will be ignored for this session
console.warn: SearchSettings: "get: No settings file exists, new profile?" (new NotFoundError("Could not open the file at C:\\Users\\joses\\AppData\\Local\\Temp\\rust_mozprofileqIZI6r\\search.json.mozlz4", (void 0)))
DevTools listening on ws://localhost:62391/devtools/browser/a8699545-13ad-4e03-b94a-5e62ccec94ab
1657929197300	Marionette	WARN	TimedPromise timed out after 500 ms: stacktrace:
TimedPromise/<@chrome://remote/content/marionette/sync.js:234:19
TimedPromise@chrome://remote/content/marionette/sync.js:219:10
interaction.flushEventLoop@chrome://remote/content/marionette/interaction.js:431:10
webdriverClickElement@chrome://remote/content/marionette/interaction.js:179:31
1657929198532	Marionette	WARN	TimedPromise timed out after 500 ms: stacktrace:
TimedPromise/<@chrome://remote/content/marionette/sync.js:234:19
TimedPromise@chrome://remote/content/marionette/sync.js:219:10
interaction.flushEventLoop@chrome://remote/content/marionette/interaction.js:431:10
webdriverClickElement@chrome://remote/content/marionette/interaction.js:179:31
JavaScript error: resource://gre/actors/DateTimePickerChild.jsm, line 64: TypeError: aElement is null
1657929285377	geckodriver	INFO	Listening on 127.0.0.1:62480
1657929288477	mozrunner::runner	INFO	Running command: "C:\\Program Files\\Mozilla Firefox\\firefox.exe" "--marionette" "--remote-debugging-port" "62481" "--remote-allow-hosts" "localhost" "-no-remote" "-profile" "C:\\Users\\joses\\AppData\\Local\\Temp\\rust_mozprofileUFOZK5"
1657929288921	Marionette	INFO	Marionette enabled
1657929288928	Marionette	INFO	Listening on port 62490
WebDriver BiDi listening on ws://localhost:62481
Read port: 62490
1657929289935	RemoteAgent	WARN	TLS certificate errors will be ignored for this session
console.warn: SearchSettings: "get: No settings file exists, new profile?" (new NotFoundError("Could not open the file at C:\\Users\\joses\\AppData\\Local\\Temp\\rust_mozprofileUFOZK5\\search.json.mozlz4", (void 0)))
DevTools listening on ws://localhost:62481/devtools/browser/e2c4096b-2066-42fb-a81d-2f31035404c3
1657929295373	Marionette	WARN	Ignoring event 'DOMContentLoaded' because document has an invalid readyState of 'complete'.
JavaScript error: resource://gre/actors/DateTimePickerChild.jsm, line 64: TypeError: aElement is null
1657929556057	geckodriver	INFO	Listening on 127.0.0.1:62581
1657929559123	mozrunner::runner	INFO	Running command: "C:\\Program Files\\Mozilla Firefox\\firefox.exe" "--marionette" "--remote-debugging-port" "62582" "--remote-allow-hosts" "localhost" "-no-remote" "-profile" "C:\\Users\\joses\\AppData\\Local\\Temp\\rust_mozprofileY6auCN"
1657929559545	Marionette	INFO	Marionette enabled
1657929559551	Marionette	INFO	Listening on port 62591
WebDriver BiDi listening on ws://localhost:62582
Read port: 62591
1657929560363	RemoteAgent	WARN	TLS certificate errors will be ignored for this session
console.warn: SearchSettings: "get: No settings file exists, new profile?" (new NotFoundError("Could not open the file at C:\\Users\\joses\\AppData\\Local\\Temp\\rust_mozprofileY6auCN\\search.json.mozlz4", (void 0)))
DevTools listening on ws://localhost:62582/devtools/browser/1a185e1b-35f4-4b0d-8f08-d22067b12543
JavaScript error: resource://gre/actors/DateTimePickerChild.jsm, line 64: TypeError: aElement is null
1657929709482	geckodriver	INFO	Listening on 127.0.0.1:62683
1657929712681	mozrunner::runner	INFO	Running command: "C:\\Program Files\\Mozilla Firefox\\firefox.exe" "--marionette" "--remote-debugging-port" "62684" "--remote-allow-hosts" "localhost" "-no-remote" "-profile" "C:\\Users\\joses\\AppData\\Local\\Temp\\rust_mozprofileFQmTbp"
1657929713544	Marionette	INFO	Marionette enabled
1657929713560	Marionette	INFO	Listening on port 62703
WebDriver BiDi listening on ws://localhost:62684
Read port: 62703
1657929715413	RemoteAgent	WARN	TLS certificate errors will be ignored for this session
console.warn: SearchSettings: "get: No settings file exists, new profile?" (new NotFoundError("Could not open the file at C:\\Users\\joses\\AppData\\Local\\Temp\\rust_mozprofileaZ88Sy\\search.json.mozlz4", (void 0)))
DevTools listening on ws://localhost:62684/devtools/browser/058bd5e0-f206-47ac-bd52-b2c6ae981450
1657929726902	Marionette	WARN	TimedPromise timed out after 500 ms: stacktrace:
TimedPromise/<@chrome://remote/content/mariJavaScript error: resource://gre/actors/DateTimePickerChild.jsm, line 64: TypeError: aElement is null
1657929742716	Marionette	INFO	Stopped listening on port 62702
console.warn: TopSitesFeed: Failed to fetch data from Contile server: NetworkError when attempting to fetch resource.
[Parent 10636, IPC I/O Parent] WARNING: file /builds/worker/checkouts/gecko/ipc/chromium/src/base/process_util_win.cc:167
edPromise timed out after 500 ms: stacktrace:
TimedPromise/<@chrome://remote/content/marionette/sync.js:234:19
TimedPromise@chrome://remote/content/marionette/sync.js:219:10
interaction.flushEventLoop@chrome://remote/content/marionette/interaction.js:431:10
webdriverClickElement@chrome://remote/content/marionette/interaction.js:179:31
JavaScript error: resource://gre/actors/DateTimePickerChild.jsm, line 64: TypeError: aElement is null
1657929747658	Marionette	INFO	Stopped listening on port 62703
console.warn: TopSitesFeed: Failed to fetch data from Contile server: NetworkError when attempting to fetch resource.
1657929792366	geckodriver	INFO	Listening on 127.0.0.1:62842
1657929795427	mozrunner::runner	INFO	Running command: "C:\\Program Files\\Mozilla Firefox\\firefox.exe" "--marionette" "--headless" "--remote-debugging-port" "62843" "--remote-allow-hosts" "localhost" "-no-remote" "-profile" "C:\\Users\\joses\\AppData\\Local\\Temp\\rust_mozprofileE7kb6G"
*** You are running in headless mode.
1657929797420	Marionette	INFO	Marionette enabled
1657929797427	Marionette	INFO	Listening on port 62852
WebDriver BiDi listening on ws://localhost:62843
Read port: 62852
1657929798085	RemoteAgent	WARN	TLS certificate errors will be ignored for this session
[GFX1-]: RenderCompositorSWGL failed mapping default framebuffer, no dt
console.warn: SearchSettings: "get: No settings file exists, new profile?" (new NotFoundError("Could not open the file at C:\\Users\\joses\\AppData\\Local\\Temp\\rust_mozprofileE7kb6G\\search.json.mozlz4", (void 0)))
DevTools listening on ws://localhost:62843/devtools/browser/33027ed5-d3fa-41ec-8d37-d15fe312ab02
1657930545358	geckodriver	INFO	Listening on 127.0.0.1:62999
1657930548420	mozrunner::runner	INFO	Running command: "C:\\Program Files\\Mozilla Firefox\\firefox.exe" "--marionette" "--remote-debugging-port" "63000" "--remote-allow-hosts" "localhost" "-no-remote" "-profile" "C:\\Users\\joses\\AppData\\Local\\Temp\\rust_mozprofilekrOY2n"
1657930548896	Marionette	INFO	Marionette enabled
1657930548902	Marionette	INFO	Listening on port 63009
WebDriver BiDi listening on ws://localhost:63000
Read port: 63009
1657930549499	RemoteAgent	WARN	TLS certificate errors will be ignored for this session
console.warn: SearchSettings: "get: No settings file exists, new profile?" (new NotFoundError("Could not open the file at C:\\Users\\joses\\AppData\\Local\\Temp\\rust_mozprofilekrOY2n\\search.json.mozlz4", (void 0)))
DevTools listening on ws://localhost:63000/devtools/browser/0d5af60e-8471-4424-abf4-32083d8f0df1
JavaScript error: resource://gre/actors/DateTimePickerChild.jsm, line 64: TypeError: aElement is null
1657930602404	geckodriver	INFO	Listening on 127.0.0.1:63096
1657930605454	mozrunner::runner	INFO	Running command: "C:\\Program Files\\Mozilla Firefox\\firefox.exe" "--marionette" "--remote-debugging-port" "63097" "--remote-allow-hosts" "localhost" "-no-remote" "-profile" "C:\\Users\\joses\\AppData\\Local\\Temp\\rust_mozprofilewr0qtM"
1657930606877	Marionette	INFO	Marionette enabled
1657930606881	Marionette	INFO	Listening on port 63106
WebDriver BiDi listening on ws://localhost:63097
Read port: 63106
1657930607798	RemoteAgent	WARN	TLS certificate errors will be ignored for this session
console.warn: SearchSettings: "get: No settings file exists, new profile?" (new NotFoundError("Could not open the file at C:\\Users\\joses\\AppData\\Local\\Temp\\rust_mozprofilewr0qtM\\search.json.mozlz4", (void 0)))
DevTools listening on ws://localhost:63097/devtools/browser/c5d0fbe3-107b-4bb4-8d89-0a9f53279e1d
1657930620669	Marionette	WARN	TimedPromise timed out after 500 ms: stacktrace:
TimedPromise/<@chrome://remote/content/marionette/sync.js:234:19
TimedPromise@chrome://remote/content/marionette/sync.js:219:10
interaction.flushEventLoop@chrome://remote/content/marionette/interaction.js:431:10
webdriverClickElement@chrome://remote/content/marionette/interaction.js:179:31
1657930622489	Marionette	WARN	TimedPromise timed out after 500 ms: stacktrace:
TimedPromise/<@chrome://remote/content/marionette/sync.js:234:19
TimedPromise@chrome://remote/content/marionette/sync.js:219:10
interaction.flushEventLoop@chrome://remote/content/marionette/interaction.js:431:10
webdriverClickElement@chrome://remote/content/marionette/interaction.js:179:31
JavaScript error: resource://gre/actors/DateTimePickerChild.jsm, line 64: TypeError: aElement is null
JavaScript error: , line 0: NS_ERROR_NOT_AVAILABLE
1657971660971	geckodriver	INFO	Listening on 127.0.0.1:63549
1657971664041	mozrunner::runner	INFO	Running command: "C:\\Program Files\\Mozilla Firefox\\firefox.exe" "--marionette" "--remote-debugging-port" "63550" "--remote-allow-hosts" "localhost" "-no-remote" "-profile" "C:\\Users\\joses\\AppData\\Local\\Temp\\rust_mozprofileN38eq7"
1657971666725	Marionette	INFO	Marionette enabled
1657971666731	Marionette	INFO	Listening on port 63561
WebDriver BiDi listening on ws://localhost:63550
Read port: 63561
1657971667486	RemoteAgent	WARN	TLS certificate errors will be ignored for this session
console.warn: SearchSettings: "get: No settings file exists, new profile?" (new NotFoundError("Could not open the file at C:\\Users\\joses\\AppData\\Local\\Temp\\rust_mozprofileN38eq7\\search.json.mozlz4", (void 0)))
DevTools listening on ws://localhost:63550/devtools/browser/ea6a5726-a731-4d25-a026-1505bef3d763
JavaScript error: resource://gre/actors/DateTimePickerChild.jsm, line 64: TypeError: aElement is null
1657972017115	geckodriver	INFO	Listening on 127.0.0.1:63775
1657972020151	mozrunner::runner	INFO	Running command: "C:\\Program Files\\Mozilla Firefox\\firefox.exe" "--marionette" "--remote-debugging-port" "63776" "--remote-allow-hosts" "localhost" "-no-remote" "-profile" "C:\\Users\\joses\\AppData\\Local\\Temp\\rust_mozprofile3ErTjD"
1657972020741	Marionette	INFO	Marionette enabled
1657972020748	Marionette	INFO	Listening on port 63786
WebDriver BiDi listening on ws://localhost:63776
Read port: 63786
1657972021394	RemoteAgent	WARN	TLS certificate errors will be ignored for this session
console.warn: SearchSettings: "get: No settings file exists, new profile?" (new NotFoundError("Could not open the file at C:\\Users\\joses\\AppData\\Local\\Temp\\rust_mozprofile3ErTjD\\search.json.mozlz4", (void 0)))
DevTools listening on ws://localhost:63776/devtools/browser/ef06713d-62d6-4561-baa9-9d08e8114942
1657972064264	Marionette	INFO	Stopped listening on port 63786
console.warn: TopSitesFeed: Failed to fetch data from Contile server: NetworkError when attempting to fetch resource.
[Parent 16088, IPC I/O Parent] WARNING: file /builds/worker/checkouts/gecko/ipc/chromium/src/base/process_util_win.cc:167
1657972123484	geckodriver	INFO	Listening on 127.0.0.1:63903
1657972126573	mozrunner::runner	INFO	Running command: "C:\\Program Files\\Mozilla Firefox\\firefox.exe" "--marionette" "--remote-debugging-port" "63904" "--remote-allow-hosts" "localhost" "-no-remote" "-profile" "C:\\Users\\joses\\AppData\\Local\\Temp\\rust_mozprofileHOLR7z"
1657972127023	Marionette	INFO	Marionette enabled
1657972127027	Marionette	INFO	Listening on port 63913
WebDriver BiDi listening on ws://localhost:63904
Read port: 63913
1657972127815	RemoteAgent	WARN	TLS certificate errors will be ignored for this session
console.warn: SearchSettings: "get: No settings file exists, new profile?" (new NotFoundError("Could not open the file at C:\\Users\\joses\\AppData\\Local\\Temp\\rust_mozprofileHOLR7z\\search.json.mozlz4", (void 0)))
DevTools listening on ws://localhost:63904/devtools/browser/26766a6b-5456-43cf-a0f8-0f634e9ef88f
console.warn: LoginRecipes: "getRecipes: falling back to a synchronous message for:" "https://www.google.com"
JavaScript error: resource://gre/modules/AsyncShutdown.jsm, line 575: NotFoundError: No such JSWindowActor 'DevToolsFrame'
JavaScript error: resource://gre/modules/AsyncShutdown.jsm, line 575: NotFoundError: No such JSWindowActor 'DevToolsFrame'
1657972171429	Marionette	INFO	Stopped listening on port 63913
1657972422557	geckodriver	INFO	Listening on 127.0.0.1:64124
1657972425602	mozrunner::runner	INFO	Running command: "C:\\Program Files\\Mozilla Firefox\\firefox.exe" "--marionette" "--remote-debugging-port" "64125" "--remote-allow-hosts" "localhost" "-no-remote" "-profile" "C:\\Users\\joses\\AppData\\Local\\Temp\\rust_mozprofileZmzoMC"
1657972427093	Marionette	INFO	Marionette enabled
1657972427099	Marionette	INFO	Listening on port 64136
WebDriver BiDi listening on ws://localhost:64125
Read port: 64136
1657972427892	RemoteAgent	WARN	TLS certificate errors will be ignored for this session
console.warn: SearchSettings: "get: No settings file exists, new profile?" (new NotFoundError("Could not open the file at C:\\Users\\joses\\AppData\\Local\\Temp\\rust_mozprofileZmzoMC\\search.json.mozlz4", (void 0)))
DevTools listening on ws://localhost:64125/devtools/browser/4022c2d1-06f3-4c14-85ee-84f8a0132735
1657972435644	Marionette	WARN	TimedPromise timed out after 500 ms: stacktrace:
TimedPromise/<@chrome://remote/content/marionette/sync.js:234:19
TimedPromise@chrome://remote/content/marionette/sync.js:219:10
interaction.flushEventLoop@chrome://remote/content/marionette/interaction.js:431:10
webdriverClickElement@chrome://remote/content/marionette/interaction.js:179:31
[GFX1-]: DCompositionSurface::BeginDraw failed: 0x8007000e Rect(x=524288, y=524288, w=1024, h=512)
[GFX1-]: Fallback WR to SW-WR + D3D11
[GFX1-]: Failed to create StagingTexture: Size(1024,512)
[GFX1-]: Failed to allocate Texture2D: Size(1024,512)
[GFX1-]: Failed to allocate Texture2D: Size(1024[GF,X151-]2)
: Fallback SW-WR + D3[GD11 FXt1-]:o Faile SW-WRd to a
llocate Texture2D: Size(1024,512)
[GFX1-]: GFX: D3D11 skip BeginFrame with device-removed.
[GFX1-]: MapTile failed aValidRect: Rect(x=0, y=0, w=1024, h=512)
[GFX1-]: MapTile failed aValidRect: Rect(x=0, y=0, w=342, h=512)
[GFX1-]: MapTile failed aValidRect: Rect(x=0, y=0, w=1024, h=208)
[GFX1-]: MapTile failed aValidRect: Rect(x=0, y=0, w=342, h=208)
[GFX1-]: wr_renderer_render: OutOfMemory
[GFX1-]: wr_renderer_render: OutOfMemory
[GFX1-]: GFX: RenderThread detected a device reset in PostUpdate
1657972483463	Marionette	INFO	Stopped listening on port 64136
console.warn: TopSitesFeed: Failed to fetch data from Contile server: NetworkError when attempting to fetch resource.
JavaScript error: resource://gre/modules/CrashManager.jsm, line 906: AbortError: IOUtils: Shutting down and refusing additional I/O tasks
1657972525950	geckodriver	INFO	Listening on 127.0.0.1:64296
1657972529008	mozrunner::runner	INFO	Running command: "C:\\Program Files\\Mozilla Firefox\\firefox.exe" "--marionette" "--remote-debugging-port" "64297" "--remote-allow-hosts" "localhost" "-no-remote" "-profile" "C:\\Users\\joses\\AppData\\Local\\Temp\\rust_mozprofilebAcwc2"
1657972529557	Marionette	INFO	Marionette enabled
1657972529562	Marionette	INFO	Listening on port 64308
WebDriver BiDi listening on ws://localhost:64297
Read port: 64308
1657972530202	RemoteAgent	WARN	TLS certificate errors will be ignored for this session
console.warn: SearchSettings: "get: No settings file exists, new profile?" (new NotFoundError("Could not open the file at C:\\Users\\joses\\AppData\\Local\\Temp\\rust_mozprofilebAcwc2\\search.json.mozlz4", (void 0)))
DevTools listening on ws://localhost:64297/devtools/browser/2d59d104-8af7-46f6-9918-a13a6d74a5b7
console.warn: LoginRecipes: "getRecipes: falling back to a synchronous message for:" "https://www.google.com"
1657972544140	Marionette	INFO	Stopped listening on port 64308
console.warn: TopSitesFeed: Failed to fetch data from Contile server: NetworkError when attempting to fetch resource.
1657972730986	geckodriver	INFO	Listening on 127.0.0.1:64512
1657972734042	mozrunner::runner	INFO	Running command: "C:\\Program Files\\Mozilla Firefox\\firefox.exe" "--marionette" "--remote-debugging-port" "64513" "--remote-allow-hosts" "localhost" "-no-remote" "-profile" "C:\\Users\\joses\\AppData\\Local\\Temp\\rust_mozprofile4aiT5J"
1657972734533	Marionette	INFO	Marionette enabled
1657972734538	Marionette	INFO	Listening on port 64526
WebDriver BiDi listening on ws://localhost:64513
Read port: 64526
1657972735379	RemoteAgent	WARN	TLS certificate errors will be ignored for this session
console.warn: SearchSettings: "get: No settings file exists, new profile?" (new NotFoundError("Could not open the file at C:\\Users\\joses\\AppData\\Local\\Temp\\rust_mozprofile4aiT5J\\search.json.mozlz4", (void 0)))
DevTools listening on ws://localhost:64513/devtools/browser/642b3668-6616-48c8-b960-771e0e80b663
console.warn: LoginRecipes: "getRecipes: falling back to a synchronous message for:" "http://www.bcra.gov.ar"
1657972819187	Marionette	INFO	Stopped listening on port 64526
console.warn: TopSitesFeed: Failed to fetch data from Contile server: NetworkError when attempting to fetch resource.
!!! error running onStopped callback: TypeError: callback is not a function
" "-profile" "C:\\Users\\joses\\AppData\\Local\\Temp\\rust_mozprofileW9rwpT"
1657972810319	Marionette	INFO	Marionette enabled
1657972810324	Marionette	INFO	Listening on port 64655
WebDriver BiDi listening on ws://localhost:64643
Read port: 64655
1657972811292	RemoteAgent	WARN	TLS certificate errors will be ignored for this session
[GFX1-]: Failed to compile vertex shader: brush_linear_gradient_ALPHA_PASS

[2022-07-16T12:00:12Z ERROR webrender::device::gl] Failed to compile vertex shader: brush_linear_gradient_ALPHA_PASS
    
[GFX1-]: Failed to compile vertex shader: brush_image_ALPHA_PASS_TEXTURE_2D

[2022-07-16T12:00:12Z ERROR webrender::device::gl] Failed to compile vertex shader: brush_image_ALPHA_PASS_TEXTURE_2D
    
[GFX1-]: DCompositionSurface::BeginDraw failed: 0x887a0005 Rect(x=524288, y=524288, w=1024, h=512)
[GFX1-]: Failed to compile vertex shader: brush_solid

[2022-07-16T12:00:13Z ERROR webrender::device::gl] Failed to compile vertex shader: brush_solid
    
[GFX1-]: Failed to compile vertex shader: brus[GFX1-]: Fallbh_imaack WR to SWge_A-WR +LPH D3D1A_P1
ASS_TEXTURE_2D

[2022-07-16T12:00:13Z ERROR webrender::device::gl] Failed to compile vertex shader: brush_image_ALPHA_PASS_TEXTURE_2D
    
[GFX1-]: Failed to compile vertex shader: brush_image_ALPHA_PASS_TEXTURE_2D

[2022-07-16T12:00:13Z ERROR webrender::device::gl] Failed to compile vertex shader: brush_image_ALPHA_PASS_TEXTURE_2D
    
[GFX1-]: Failed to compile vertex shader: brush_image_ALPHA_PASS_TEXTURE_2D

[2022-07-16T12:00:13Z ERROR webrender::device::gl] Failed to compile vertex shader: brush_image_ALPHA_PASS_TEXTURE_2D
    
[GFX1-]: Failed to compile vertex shader: brush_opacity_ALPHA_PASS

[2022-07-16T12:00:13Z ERROR webrender::device::gl] Failed to compile vertex shader: brush_opacity_ALPHA_PASS
    
[GFX1-]: Failed to compile vertex shader: brush_solid_ALPHA_PASS

[2022-07-16T12:00:13Z ERROR webrender::device::gl] Failed to compile vertex shader: brush_solid_ALPHA_PASS
    
[GFX1-]: Failed to compile vertex shader: brush_image_ALPHA_PASS_TEXTURE_2D

[2022-07-16T12:00:13Z ERROR webrender::device::gl] Failed to compile vertex shader: brush_image_ALPHA_PASS_TEXTURE_2D
    
[GFX1-]: Failed to compile vertex shader: brush_image_ALPHA_PASS_TEXTURE_2D

[2022-07-16T12:00:13Z ERROR webrender::device::gl] Failed to compile vertex shader: brush_image_ALPHA_PASS_TEXTURE_2D
    
[GFX1-]: Failed to compile vertex shader: ps_text_run_ALPHA_PASS_DUAL_SOURCE_BLENDING_TEXTURE_2D

[2022-07-16T12:00:13Z ERROR webrender::device::gl] Failed to compile vertex shader: ps_text_run_ALPHA_PASS_DUAL_SOURCE_BLENDING_TEXTURE_2D
    
[GFX1-]: DCompositionSurface::BeginDraw failed: 0x887a0005 Rect(x=525312, y=524288, w=342, h=512)
[GFX1-]: Failed to compile vertex shader: brush_solid

[2022-07-16T12:00:13Z ERROR webrender::device::gl] Failed to compile vertex shader: brush_solid
    
[GFX1-]: Failed to compile vertex shader: brush_image_ALPHA_PASS_TEXTURE_2D

[2022-07-16T12:00:13Z ERROR webrender::device::gl] Failed to compile vertex shader: brush_image_ALPHA_PASS_TEXTURE_2D
    
[GFX1-]: Failed to compile vertex shader: brush_image_ALPHA_PASS_TEXTURE_2D

[2022-07-16T12:00:13Z ERROR webrender::device::gl] Failed to compile vertex shader: brush_image_ALPHA_PASS_TEXTURE_2D
    
[GFX1-]: Failed to compile vertex shader: brush_solid_ALPHA_PASS

[2022-07-16T12:00:13Z ERROR webrender::device::gl] Failed to compile vertex shader: brush_solid_ALPHA_PASS
    
[GFX1-]: Failed to compile vertex shader: brush_image_ALPHA_PASS_TEXTURE_2D

[2022-07-16T12:00:13Z ERROR webrender::device::gl] Failed to compile vertex shader: brush_image_ALPHA_PASS_TEXTURE_2D
    
[GFX1-]: Failed to compile vertex shader: brush_image_ALPHA_PASS_TEXTURE_2D

[2022-07-16T12:00:13Z ERROR webrender::device::gl] Failed to compile vertex shader: brush_image_ALPHA_PASS_TEXTURE_2D
    
[GFX1-]: DCompositionSurface::BeginDraw failed: 0x887a0005 Rect(x=524288, y=524800, w=1024, h=208)
[GFX1-]: Failed to compile vertex shader: brush_solid

[2022-07-16T12:00:13Z ERROR webrender::device::gl] Failed to compile vertex shader: brush_solid
    
[GFX1-]: DCompositionSurface::BeginDraw failed: 0x887a0005 Rect(x=525312, y=524800, w=342, h=208)
[GFX1-]: Failed to compile vertex shader: brush_solid

[2022-07-16T12:00:13Z ERROR webrender::device::gl] Failed to compile vertex shader: brush_solid
    
[GFX1-]: wr_renderer_render: Shader(Compilation("brush_linear_gradient_ALPHA_PASS", ""))
[GFX1-]: wr_renderer_render: Shader(Compilation("brush_image_ALPHA_PASS_TEXTURE_2D", ""))
[GFX1-]: wr_renderer_render: Shader(Compilation("brush_solid", ""))
[GFX1-]: wr_renderer_render: Shader(Compilation("brush_image_ALPHA_PASS_TEXTURE_2D", ""))
[GFX1-]: wr_renderer_render: Shader(Compilation("brush_image_ALPHA_PASS_TEXTURE_2D", ""))
[GFX1-]: wr_renderer_render: Shader(Compilation("brush_image_ALPHA_PASS_TEXTURE_2D", ""))
[GFX1-]: wr_renderer_render: Shader(Compilation("brush_opacity_ALPHA_PASS", ""))
[GFX1-]: wr_renderer_render: Shader(Compilation("brush_solid_ALPHA_PASS", ""))
[GFX1-]: wr_renderer_render: Shader(Compilation("brush_image_ALPHA_PASS_TEXTURE_2D", ""))
[GFX1-]: wr_renderer_render: Shader(Compilation("brush_image_ALPHA_PASS_TEXTURE_2D", ""))
[GFX1-]: wr_renderer_render: Shader(Compilation("ps_text_run_ALPHA_PASS_DUAL_SOURCE_BLENDING_TEXTURE_2D", ""))
[GFX1-]: wr_renderer_render: Shader(Compilation("brush_solid", ""))
[GFX1-]: wr_renderer_render: Shader(Compilation("brush_image_ALPHA_PASS_TEXTURE_2D", ""))
[GFX1-]: wr_renderer_render: Shader(Compilation("brush_image_ALPHA_PASS_TEXTURE_2D", ""))
[GFX1-]: wr_renderer_render: Shader(Compilation("brush_solid_ALPHA_PASS", ""))
[GFX1-]: wr_renderer_render: Shader(Compilation("brush_image_ALPHA_PASS_TEXTURE_2D", ""))
[GFX1-]: wr_renderer_render: Shader(Compilation("brush_image_ALPHA_PASS_TEXTURE_2D", ""))
[GFX1-]: wr_renderer_render: Shader(Compilation("brush_solid", ""))
[GFX1-]: wr_renderer_render: Shader(Compilation("brush_solid", ""))
[GFX1-]: GFX: RenderThread detected a device reset in PostUpdate
[GFX1-]: Failed to make render context current during destroying.
out of memory: 0x0000000000100000 bytes requested
[Parent 16968, IPC I/O Parent] WARNING: Failed to launch tab subprocess: file /builds/worker/checkouts/gecko/ipc/glue/GeckoChildProcessHost.cpp:759
[GFX1-][GFX1-]: Receive IPC close with reason=Ab: ReceivnormalSeh IutdPC cloownse 
with reason=AbnormalShutdown
[GFX1-]: Receive IPC close with reason=AbnormalShutdown
out of memory: 0x0000000000100000 bytes requested
[GFX1-]: Receive IPC close with reason=AbnormalShutdown
[GFX1-]: Receive IPC close with reason=AbnormalShutdown
[GFX1-]: Failed to create StagingTexture: Size(1024,512)
[GFX1-]: Failed to allocate Texture2D: Size(1024,512)
[GFX1-]: Failed to allocate Texture2D: Size(1024,512)
[GFX1-]: Failed to allocate Texture2D: Size(1024,512)
[GFX1-]: GFX: D3D11 skip BeginFrame with device-removed.
[GFX1-]: MapTile failed aValidRect: Rect(x=0, y=0, w=1024, h=512)
[GFX1-]: MapTile failed aValidRect: Rect(x=0, y=0, w=342, h=512)
[GFX1-]: MapTile failed aValidRect: Rect(x=0, y=0, w=1024, h=208)
[GFX1-]: MapTile failed aValidRect: Rect(x=0, y=0, w=342, h=208)
[GFX1-]: wr_renderer_render: OutOfMemory
[GFX1-]: GFX: RenderThread detected a device reset in PostUpdate
JavaScript error: , line 0: uncaught exception: out of memory
[GFX1[GFX1-]: Re-c]e:i vFea lIlPbCack SW -WRc lose with +reaso D3Dn=A1b1 to SW-WRno
rmalShutdown
[Parent 16968, IPC I/O Parent] WARNING: file /builds/worker/checkouts/gecko/ipc/chromium/src/base/process_util_win.cc:167
[GFX1-]: wr_renderer_render: OutOfMemory
[GFX1-]: wr_renderer_render: OutOfMemory
[GFX1-]: Fallback remains SW-WR
[GFX1-]: wr_renderer_render: OutOfMemory
[GFX1-]: wr_renderer_render: OutOfMemory
[GFX1-]: wr_renderer_render: OutOfMemory
[GFX1-]: wr_renderer_render: OutOfMemory
[GFX1-]: wr_renderer_render: OutOfMemory
[GFX1-]: wr_renderer_render: OutOfMemory
[GFX1-]: wr_renderer_render: OutOfMemory
out of memory: 0x0000000000100000 bytes requested
[Parent 16968, IPC I/O Parent] WARNING: pipe error: 232: file /builds/worker/checkouts/gecko/ipc/chromium/src/chrome/common/ipc_channel_win.cc:554
[GFX1-]: Receive IPC close with reason=AbnormalShutdown
[GFX1-]: Receive IPC close with reason=AbnormalShutdown
[GFX1-]: Receive IPC close with reason=AbnormalShutdown
JavaScript error: chrome://browser/content/browser-siteProtections.js, line 1351: NS_ERROR_ILLEGAL_VALUE: Component returned failure code: 0x80070057 (NS_ERROR_ILLEGAL_VALUE) [nsIObserverService.removeObserver]
1657972863261	Marionette	INFO	Stopped listening on port 64655
1657972863263	CDP	WARN	Failed to remove undefined (Could not parse path (undefined): NS_ERROR_FILE_UNRECOGNIZED_PATH)
1657972886495	geckodriver	INFO	Listening on 127.0.0.1:64729
1657972889570	mozrunner::runner	INFO	Running command: "C:\\Program Files\\Mozilla Firefox\\firefox.exe" "--marionette" "--remote-debugging-port" "64730" "--remote-allow-hosts" "localhost" "-no-remote" "-profile" "C:\\Users\\joses\\AppData\\Local\\Temp\\rust_mozprofile5fM3QF"
1657972889992	Marionette	INFO	Marionette enabled
1657972889996	Marionette	INFO	Listening on port 64740
WebDriver BiDi listening on ws://localhost:64730
Read port: 64740
1657972890694	RemoteAgent	WARN	TLS certificate errors will be ignored for this session
console.warn: SearchSettings: "get: No settings file exists, new profile?" (new NotFoundError("Could not open the file at C:\\Users\\joses\\AppData\\Local\\Temp\\rust_mozprofile5fM3QF\\search.json.mozlz4", (void 0)))
DevTools listening on ws://localhost:64730/devtools/browser/711f662f-a866-49e1-90a3-427972cc1ab5
JavaScript error: resource://gre/actors/DateTimePickerChild.jsm, line 64: TypeError: aElement is null
1657972929854	Marionette	INFO	Stopped listening on port 64740
console.warn: TopSitesFeed: Failed to fetch data from Contile server: NetworkError when attempting to fetch resource.
1657972935468	geckodriver	INFO	Listening on 127.0.0.1:64816
1657972938531	mozrunner::runner	INFO	Running command: "C:\\Program Files\\Mozilla Firefox\\firefox.exe" "--marionette" "--remote-debugging-port" "64817" "--remote-allow-hosts" "localhost" "-no-remote" "-profile" "C:\\Users\\joses\\AppData\\Local\\Temp\\rust_mozprofilezOwEDP"
1657972939198	Marionette	INFO	Marionette enabled
1657972939203	Marionette	INFO	Listening on port 64828
WebDriver BiDi listening on ws://localhost:64817
Read port: 64828
1657972940030	RemoteAgent	WARN	TLS certificate errors will be ignored for this session
console.warn: SearchSettings: "get: No settings file exists, new profile?" (new NotFoundError("Could not open the file at C:\\Users\\joses\\AppData\\Local\\Temp\\rust_mozprofilezOwEDP\\search.json.mozlz4", (void 0)))
DevTools listening on ws://localhost:64817/devtools/browser/306828d6-c42f-4973-adfc-9d4cdb1bb5e2
1657972946648	Marionette	WARN	TimedPromise timed out after 500 ms: stacktrace:
TimedPromise/<@chrome://remote/content/marionette/sync.js:234:19
TimedPromise@chrome://remote/content/marionette/sync.js:219:10
interaction.flushEventLoop@chrome://remote/content/marionette/interaction.js:431:10
webdriverClickElement@chrome://remote/content/marionette/interaction.js:179:31
JavaScript error: chrome://global/content/bindings/spinner.js, line 151: TypeError: itemsView[(this.state.index + viewportTopOffset)] is undefined
1657973010107	Marionette	INFO	Stopped listening on port 64828
console.warn: TopSitesFeed: Failed to fetch data from Contile server: NetworkError when attempting to fetch resource.
[Parent 16284, IPC I/O Parent] WARNING: file /builds/worker/checkouts/gecko/ipc/chromium/src/base/process_util_win.cc:167
1657973480748	geckodriver	INFO	Listening on 127.0.0.1:65193
1657973483787	mozrunner::runner	INFO	Running command: "C:\\Program Files\\Mozilla Firefox\\firefox.exe" "--marionette" "--remote-debugging-port" "65194" "--remote-allow-hosts" "localhost" "-no-remote" "-profile" "C:\\Users\\joses\\AppData\\Local\\Temp\\rust_mozprofiledVo1Mf"
1657973484303	Marionette	INFO	Marionette enabled
1657973484310	Marionette	INFO	Listening on port 65204
WebDriver BiDi listening on ws://localhost:65194
Read port: 65204
1657973485134	RemoteAgent	WARN	TLS certificate errors will be ignored for this session
console.warn: SearchSettings: "get: No settings file exists, new profile?" (new NotFoundError("Could not open the file at C:\\Users\\joses\\AppData\\Local\\Temp\\rust_mozprofiledVo1Mf\\search.json.mozlz4", (void 0)))
DevTools listening on ws://localhost:65194/devtools/browser/d6743a74-2090-491a-84b4-dd1db5a70fa1
1657973518599	Marionette	INFO	Stopped listening on port 65204
console.warn: TopSitesFeed: Failed to fetch data from Contile server: NetworkError when attempting to fetch resource.
1657973610447	geckodriver	INFO	Listening on 127.0.0.1:65321
1657973613505	mozrunner::runner	INFO	Running command: "C:\\Program Files\\Mozilla Firefox\\firefox.exe" "--marionette" "--remote-debugging-port" "65322" "--remote-allow-hosts" "localhost" "-no-remote" "-profile" "C:\\Users\\joses\\AppData\\Local\\Temp\\rust_mozprofileyddUZK"
1657973613959	Marionette	INFO	Marionette enabled
1657973613965	Marionette	INFO	Listening on port 65332
WebDriver BiDi listening on ws://localhost:65322
Read port: 65332
1657973614693	RemoteAgent	WARN	TLS certificate errors will be ignored for this session
console.warn: SearchSettings: "get: No settings file exists, new profile?" (new NotFoundError("Could not open the file at C:\\Users\\joses\\AppData\\Local\\Temp\\rust_mozprofileyddUZK\\search.json.mozlz4", (void 0)))
DevTools listening on ws://localhost:65322/devtools/browser/cf9552b2-4de6-40ab-8cf0-b2c20e5371c3
JavaScript error: resource://gre/actors/DateTimePickerChild.jsm, line 64: TypeError: aElement is null
1657973707397	Marionette	INFO	Stopped listening on port 65332
console.warn: TopSitesFeed: Failed to fetch data from Contile server: NetworkError when attempting to fetch resource.
1657973711871	geckodriver	INFO	Listening on 127.0.0.1:65437
1657973714925	mozrunner::runner	INFO	Running command: "C:\\Program Files\\Mozilla Firefox\\firefox.exe" "--marionette" "--remote-debugging-port" "65438" "--remote-allow-hosts" "localhost" "-no-remote" "-profile" "C:\\Users\\joses\\AppData\\Local\\Temp\\rust_mozprofileODZXQ7"
1657973715410	Marionette	INFO	Marionette enabled
1657973715416	Marionette	INFO	Listening on port 65449
WebDriver BiDi listening on ws://localhost:65438
Read port: 65449
1657973716195	RemoteAgent	WARN	TLS certificate errors will be ignored for this session
console.warn: SearchSettings: "get: No settings file exists, new profile?" (new NotFoundError("Could not open the file at C:\\Users\\joses\\AppData\\Local\\Temp\\rust_mozprofileODZXQ7\\search.json.mozlz4", (void 0)))
DevTools listening on ws://localhost:65438/devtools/browser/aa15f494-c002-4f8f-9fca-5d37c75633fa
1657973722775	Marionette	WARN	Ignoring event 'DOMContentLoaded' because document has an invalid readyState of 'complete'.
console.warn: LoginRecipes: "getRecipes: falling back to a synchronous message for:" "http://www.bcra.gov.ar"
JavaScript error: resource://gre/actors/DateTimePickerParent.jsm, line 67: InvalidStateError: JSWindowActorParent.sendAsyncMessage: JSWindowActorParent cannot send at the moment
1657973742235	Marionette	INFO	Stopped listening on port 65449
console.warn: TopSitesFeed: Failed to fetch data from Contile server: NetworkError when attempting to fetch resource.
1657973966315	geckodriver	INFO	Listening on 127.0.0.1:49245
1657973969406	mozrunner::runner	INFO	Running command: "C:\\Program Files\\Mozilla Firefox\\firefox.exe" "--marionette" "--remote-debugging-port" "49246" "--remote-allow-hosts" "localhost" "-no-remote" "-profile" "C:\\Users\\joses\\AppData\\Local\\Temp\\rust_mozprofilel0GLJm"
1657973970049	Marionette	INFO	Marionette enabled
1657973970056	Marionette	INFO	Listening on port 49257
WebDriver BiDi listening on ws://localhost:49246
Read port: 49257
1657973970723	RemoteAgent	WARN	TLS certificate errors will be ignored for this session
console.warn: SearchSettings: "get: No settings file exists, new profile?" (new NotFoundError("Could not open the file at C:\\Users\\joses\\AppData\\Local\\Temp\\rust_mozprofilel0GLJm\\search.json.mozlz4", (void 0)))
DevTools listening on ws://localhost:49246/devtools/browser/f6d1cc86-8834-4bf7-b5d3-1446e71fc5c9
console.warn: LoginRecipes: "getRecipes: falling back to a synchronous message for:" "http://www.bcra.gov.ar"
JavaScript error: resource://gre/actors/DateTimePickerParent.jsm, line 67: InvalidStateError: JSWindowActorParent.sendAsyncMessage: JSWindowActorParent cannot send at the moment
1657974171709	Marionette	INFO	Stopped listening on port 49257
console.warn: TopSitesFeed: Failed to fetch data from Contile server: NetworkError when attempting to fetch resource.
[Parent 1716, IPC I/O Parent] WARNING: file /builds/worker/checkouts/gecko/ipc/chromium/src/base/process_util_win.cc:167
1657974185430	geckodriver	INFO	Listening on 127.0.0.1:49427
1657974188461	mozrunner::runner	INFO	Running command: "C:\\Program Files\\Mozilla Firefox\\firefox.exe" "--marionette" "--remote-debugging-port" "49428" "--remote-allow-hosts" "localhost" "-no-remote" "-profile" "C:\\Users\\joses\\AppData\\Local\\Temp\\rust_mozprofileWNToF4"
1657974189957	Marionette	INFO	Marionette enabled
1657974189963	Marionette	INFO	Listening on port 49439
WebDriver BiDi listening on ws://localhost:49428
Read port: 49439
1657974190751	RemoteAgent	WARN	TLS certificate errors will be ignored for this session
console.warn: SearchSettings: "get: No settings file exists, new profile?" (new NotFoundError("Could not open the file at C:\\Users\\joses\\AppData\\Local\\Temp\\rust_mozprofileWNToF4\\search.json.mozlz4", (void 0)))
DevTools listening on ws://localhost:49428/devtools/browser/c727fae8-675d-4dc6-b503-bdb56c135d60
1657974198082	Marionette	WARN	TimedPromise timed out after 500 ms: stacktrace:
TimedPromise/<@chrome://remote/content/marionette/sync.js:234:19
TimedPromise@chrome://remote/content/marionette/sync.js:219:10
interaction.flushEventLoop@chrome://remote/content/marionette/interaction.js:431:10
webdriverClickElement@chrome://remote/content/marionette/interaction.js:179:31
console.warn: LoginRecipes: "getRecipes: falling back to a synchronous message for:" "http://www.bcra.gov.ar"
JavaScript error: resource://gre/actors/DateTimePickerParent.jsm, line 67: InvalidStateError: JSWindowActorParent.sendAsyncMessage: JSWindowActorParent cannot send at the moment
1657974243679	Marionette	INFO	Stopped listening on port 49439
console.warn: TopSitesFeed: Failed to fetch data from Contile server: NetworkError when attempting to fetch resource.
1657974277111	geckodriver	INFO	Listening on 127.0.0.1:49538
1657974280476	mozrunner::runner	INFO	Running command: "C:\\Program Files\\Mozilla Firefox\\firefox.exe" "--marionette" "--headless" "--remote-debugging-port" "49539" "--remote-allow-hosts" "localhost" "-no-remote" "-profile" "C:\\Users\\joses\\AppData\\Local\\Temp\\rust_mozprofileSLpqov"
*** You are running in headless mode.
1657974281804	Marionette	INFO	Marionette enabled
1657974281810	Marionette	INFO	Listening on port 49550
WebDriver BiDi listening on ws://localhost:49539
Read port: 49550
1657974282643	RemoteAgent	WARN	TLS certificate errors will be ignored for this session
[GFX1-]: RenderCompositorSWGL failed mapping default framebuffer, no dt
console.warn: SearchSettings: "get: No settings file exists, new profile?" (new NotFoundError("Could not open the file at C:\\Users\\joses\\AppData\\Local\\Temp\\rust_mozprofileSLpqov\\search.json.mozlz4", (void 0)))
DevTools listening on ws://localhost:49539/devtools/browser/9235a139-c896-45a4-a8f4-31972862a146
1657974288970	Marionette	WARN	Ignoring event 'DOMContentLoaded' because document has an invalid readyState of 'complete'.
console.warn: LoginRecipes: "getRecipes: falling back to a synchronous message for:" "http://www.bcra.gov.ar"
JavaScript error: , line 0: NS_ERROR_NOT_AVAILABLE
[Parent 7288, IPC I/O Parent] WARNING: file /builds/worker/checkouts/gecko/ipc/chromium/src/base/process_util_win.cc:167
tte" "--headless" "--remote-debugging-port" "49764" "--remote-allow-hosts" "localhost" "-no-remote" "-profile" "C:\\Users\\joses\\AppData\\Local\\Temp\\rust_mozprofilehS7Zhb"
*** You are running in headless mode.
1657975020338	Marionette	INFO	Marionette enabled
1657975020345	Marionette	INFO	Listening on port 49773
Read port: 49773
WebDriver BiDi listening on ws://localhost:49764
1657975020996	RemoteAgent	WARN	TLS certificate errors will be ignored for this session
[GFX1-]: RenderCompositorSWGL failed mapping default framebuffer, no dt
console.warn: SearchSettings: "get: No settings file exists, new profile?" (new NotFoundError("Could not open the file at C:\\Users\\joses\\AppData\\Local\\Temp\\rust_mozprofilehS7Zhb\\search.json.mozlz4", (void 0)))
DevTools listening on ws://localhost:49764/devtools/browser/490b5dbf-59ce-48f5-8d5c-a71701f9f02f
console.warn: LoginRecipes: "getRecipes: falling back to a synchronous message for:" "http://www.bcra.gov.ar"
1657975109933	geckodriver	INFO	Listening on 127.0.0.1:49835
1657975113005	mozrunner::runner	INFO	Running command: "C:\\Program Files\\Mozilla Firefox\\firefox.exe" "--marionette" "--headless" "--remote-debugging-port" "49836" "--remote-allow-hosts" "localhost" "-no-remote" "-profile" "C:\\Users\\joses\\AppData\\Local\\Temp\\rust_mozprofileMh97FM"
*** You are running in headless mode.
1657975114730	Marionette	INFO	Marionette enabled
1657975114736	Marionette	INFO	Listening on port 49845
WebDriver BiDi listening on ws://localhost:49836
Read port: 49845
1657975115423	RemoteAgent	WARN	TLS certificate errors will be ignored for this session
[GFX1-]: RenderCompositorSWGL failed mapping default framebuffer, no dt
JavaScript error: resource://gre/modules/Schemas.jsm, line 3662: DataCloneError: The object could not be cloned.
JavaScript error: moz-extension://91a876d3-c782-48c3-906c-c8850a01f55a/background.js, line 9: InvalidStateError: An exception was thrown
[GFX1-]: wr_renderer_render: OutOfMemory
JavaScript error: moz-extension://2b626ea1-7542-4868-80a8-72ec4cd70746/background/startBackground.js, line 63: uncaught exception: out of memory
JavaScript error: moz-extension://c049f208-72dc-4b11-8949-13b3c458dd04/lib/messaging_helper.js, line 19: TypeError: browser.runtime is undefined
JavaScript error: moz-extension://c049f208-72dc-4b11-8949-13b3c458dd04/lib/requestStorageAccess_helper.js, line 10: TypeError: browser.runtime is undefined
JavaScript error: moz-extension://c049f208-72dc-4b11-8949-13b3c458dd04/lib/shims.js, line 17: TypeError: browser.runtime is undefined
[GFX1-]: Fallback SW-WR + D3D11 to SW-WR
[GFX1-]: wr_renderer_render: OutOfMemory
console.warn: SearchSettings: "get: No settings file exists, new profile?" (new NotFoundError("Could not open the file at C:\\Users\\joses\\AppData\\Local\\Temp\\rust_mozprofileMh97FM\\search.json.mozlz4", (void 0)))
[GFX1-]: wr_renderer_render: OutOfMemory
[GFX1-]: Fallback remains SW-WR
[GFX1-]: wr_renderer_render: OutOfMemory
[GFX1-]: wr_renderer_render: OutOfMemory
out of memory: 0x0000000000100000 bytes requested
[GFX1-]: Failed to connect WebRenderBridgeChild. isParent=false
out of memory: 0x0000000000001038 bytes requested
1657975145067	geckodriver	INFO	Listening on 127.0.0.1:49900
1657975148133	mozrunner::runner	INFO	Running command: "C:\\Program Files\\Mozilla Firefox\\firefox.exe" "--marionette" "--headless" "--remote-debugging-port" "49901" "--remote-allow-hosts" "localhost" "-no-remote" "-profile" "C:\\Users\\joses\\AppData\\Local\\Temp\\rust_mozprofileUIHsWy"
*** You are running in headless mode.
1657975149349	Marionette	INFO	Marionette enabled
1657975149353	Marionette	INFO	Listening on port 49917
WebDriver BiDi listening on ws://localhost:49901
Read port: 49917
1657975149937	RemoteAgent	WARN	TLS certificate errors will be ignored for this session
[GFX1-]: RenderCompositorSWGL failed mapping default framebuffer, no dt
out of memory: 0x00000000000000A8 bytes requested
[GFX1-]: wr_renderer_render: OutOfMemory
console.warn: SearchSettings: "get: No settings file exists, new profile?" (new NotFoundError("Could not open the file at C:\\Users\\joses\\AppData\\Local\\Temp\\rust_mozprofileUIHsWy\\search.json.mozlz4", (void 0)))
[GFX1-]: Fallback SW-WR + D3D11 to SW-WR
out of memory: 0x0000000000100000 bytes requested
1657975190149	geckodriver	INFO	Listening on 127.0.0.1:49984
1657975193165	mozrunner::runner	INFO	Running command: "C:\\Program Files\\Mozilla Firefox\\firefox.exe" "--marionette" "--headless" "--remote-debugging-port" "49987" "--remote-allow-hosts" "localhost" "-no-remote" "-profile" "C:\\Users\\joses\\AppData\\Local\\Temp\\rust_mozprofilejFyjK1"
*** You are running in headless mode.
1657975193706	Marionette	INFO	Marionette enabled
1657975193711	Marionette	INFO	Listening on port 49998
WebDriver BiDi listening on ws://localhost:49987
Read port: 49998
1657975194348	RemoteAgent	WARN	TLS certificate errors will be ignored for this session
[GFX1-]: RenderCompositorSWGL failed mapping default framebuffer, no dt
[GFX1-]: wr_renderer_render: OutOfMemory
[GFX1-]: Fallback SW-WR + D3D11 to SW-WR
[GFX1-]: wr_renderer_render: OutOfMemory
[GFX1-]: Fallback remains SW-WR
[GFX1-]: wr_renderer_render: OutOfMemory
console.warn: SearchSettings: "get: No settings file exists, new profile?" (new NotFoundError("Could not open the file at C:\\Users\\joses\\AppData\\Local\\Temp\\rust_mozprofilejFyjK1\\search.json.mozlz4", (void 0)))
[GFX1-]: wr_renderer_render: OutOfMemory
[GFX1-]: wr_renderer_render: OutOfMemory
out of memory: 0x0000000000100000 bytes requested
1657975251884	geckodriver	INFO	Listening on 127.0.0.1:50023
1657975254927	mozrunner::runner	INFO	Running command: "C:\\Program Files\\Mozilla Firefox\\firefox.exe" "--marionette" "--headless" "--remote-debugging-port" "50024" "--remote-allow-hosts" "localhost" "-no-remote" "-profile" "C:\\Users\\joses\\AppData\\Local\\Temp\\rust_mozprofilehPSPLV"
*** You are running in headless mode.
1657975255335	Marionette	INFO	Marionette enabled
1657975255341	Marionette	INFO	Listening on port 50033
WebDriver BiDi listening on ws://localhost:50024
Read port: 50033
1657975255799	RemoteAgent	WARN	TLS certificate errors will be ignored for this session
Hit MOZ_CRASH([unhandlable oom] js::wasm::Init) at /builds/worker/checkouts/gecko/js/src/vm/JSContext.cpp:1265
out of memory: 0x000000000000C410 bytes requested
#01: ???[C:\Program Files\Mozilla Firefox\xul.dll +0x456b42c]
#02: ???[C:\Program Files\Mozilla Firefox\xul.dll +0x151fc]
#03: ???[C:\Program Files\Mozilla Firefox\xul.dll +0x14bac]
#04: ???[C:\Program Files\Mozilla Firefox\xul.dll +0x119e0]
#05: ???[C:\Program Files\Mozilla Firefox\xul.dll +0x12c2422]
#06: ???[C:\Program Files\Mozilla Firefox\xul.dll +0x9f9eaf]
#07: ???[C:\Program Files\Mozilla Firefox\xul.dll +0xe5b870]
#08: ???[C:\Program Files\Mozilla Firefox\xul.dll +0x12c2a41]
#09: GetNtLoaderAPI[C:\Program Files\Mozilla Firefox\firefox.exe +0x19908]
#10: IsSandboxedProcess[C:\Program Files\Mozilla Firefox\firefox.exe +0x27a48]
#11: ???[C:\WINDOWS\System32\KERNEL32.DLL +0x154e0]
#12: RtlUserThreadStart[C:\WINDOWS\SYSTEM32\ntdll.dll +0x485b]
1657975306686	geckodriver	INFO	Listening on 127.0.0.1:50066
1657975309741	mozrunner::runner	INFO	Running command: "C:\\Program Files\\Mozilla Firefox\\firefox.exe" "--marionette" "--headless" "--remote-debugging-port" "50067" "--remote-allow-hosts" "localhost" "-no-remote" "-profile" "C:\\Users\\joses\\AppData\\Local\\Temp\\rust_mozprofileVOt0kl"
*** You are running in headless mode.
1657975310366	Marionette	INFO	Marionette enabled
1657975310370	Marionette	INFO	Listening on port 50076
WebDriver BiDi listening on ws://localhost:50067
Read port: 50076
1657975311124	RemoteAgent	WARN	TLS certificate errors will be ignored for this session
[GFX1-]: RenderCompositorSWGL failed mapping default framebuffer, no dt
console.warn: SearchSettings: "get: No settings file exists, new profile?" (new NotFoundError("Could not open the file at C:\\Users\\joses\\AppData\\Local\\Temp\\rust_mozprofileVOt0kl\\search.json.mozlz4", (void 0)))
DevTools listening on ws://localhost:50067/devtools/browser/a3954ae6-1822-4266-ba04-b87e4248fe5a
1657975316528	Marionette	WARN	Ignoring event 'DOMContentLoaded' because document has an invalid readyState of 'complete'.
console.warn: LoginRecipes: "getRecipes: falling back to a synchronous message for:" "http://www.bcra.gov.ar"
out of memory: 0x0000000000001000 bytes requested
Exiting due to channel error.
Exiting due to channel error.
 "C:\\Program Files\\Mozilla Firefox\\firefox.exe" "--marionette" "--headless" "--remote-debugging-port" "50123" "--remote-allow-hosts" "localhost" "-no-remote" "-profile" "C:\\Users\\joses\\AppData\\Local\\Temp\\rust_mozprofilevzNHNS"
*** You are running in headless mode.
1657975369255	Marionette	INFO	Marionette enabled
1657975369259	Marionette	INFO	Listening on port 50132
WebDriver BiDi listening on ws://localhost:50123
Read port: 50132
1657975369917	RemoteAgent	WARN	TLS certificate errors will be ignored for this session
[GFX1-]: RenderCompositorSWGL failed mapping default framebuffer, no dt
console.warn: SearchSettings: "get: No settings file exists, new profile?" (new NotFoundError("Could not open the file at C:\\Users\\joses\\AppData\\Local\\Temp\\rust_mozprofilevzNHNS\\search.json.mozlz4", (void 0)))
DevTools listening on ws://localhost:50123/devtools/browser/18ecf841-5161-4c0a-b1cc-b38dcee22027
1657975375226	Marionette	WARN	Ignoring event 'DOMContentLoaded' because document has an invalid readyState of 'complete'.
console.warn: LoginRecipes: "getRecipes: falling back to a synchronous message for:" "http://www.bcra.gov.ar"
1657975444954	geckodriver	INFO	Listening on 127.0.0.1:50188
1657975447921	mozrunner::runner	INFO	Running command: "C:\\Program Files\\Mozilla Firefox\\firefox.exe" "--marionette" "--headless" "--remote-debugging-port" "50189" "--remote-allow-hosts" "localhost" "-no-remote" "-profile" "C:\\Users\\joses\\AppData\\Local\\Temp\\rust_mozprofileMxfbQ6"
*** You are running in headless mode.
1657975449084	Marionette	INFO	Marionette enabled
1657975449091	Marionette	INFO	Listening on port 50198
WebDriver BiDi listening on ws://localhost:50189
Read port: 50198
1657975449674	RemoteAgent	WARN	TLS certificate errors will be ignored for this session
out of memory: 0x0000000000000080 bytes requested
out of memory: 0x0000000000000078 bytes requested
1657975593386	geckodriver	INFO	Listening on 127.0.0.1:50215
1657975596444	mozrunner::runner	INFO	Running command: "C:\\Program Files\\Mozilla Firefox\\firefox.exe" "--marionette" "--headless" "--remote-debugging-port" "50216" "--remote-allow-hosts" "localhost" "-no-remote" "-profile" "C:\\Users\\joses\\AppData\\Local\\Temp\\rust_mozprofileb68bIK"
*** You are running in headless mode.
Hit MOZ_CRASH([unhandlable oom] Failed to allocate new chunk during GC) at /builds/worker/checkouts/gecko/js/src/vm/JSContext.cpp:1265
### ERROR: SymInitialize: (null)
#01: ??? (???:???)
#02: soundtouch::SoundTouch::operator=[C:\Program Files\Mozilla Firefox\xul.dll +0x456b4d8]
#03: GIFFT_TimingDistributionCancel[C:\Program Files\Mozilla Firefox\xul.dll +0x1c9146b]
#04: GIFFT_TimingDistributionCancel[C:\Program Files\Mozilla Firefox\xul.dll +0x1c8a912]
#05: GIFFT_TimingDistributionCancel[C:\Program Files\Mozilla Firefox\xul.dll +0x13a5f6a]
#06: GIFFT_TimingDistributionCancel[C:\Program Files\Mozilla Firefox\xul.dll +0x1c749bc]
#07: GIFFT_TimingDistributionCancel[C:\Program Files\Mozilla Firefox\xul.dll +0x139688e]
#08: GIFFT_TimingDistributionCancel[C:\Program Files\Mozilla Firefox\xul.dll +0x1c6dfeb]
#09: GIFFT_TimingDistributionCancel[C:\Program Files\Mozilla Firefox\xul.dll +0x139770f]
#10: GIFFT_TimingDistributionCancel[C:\Program Files\Mozilla Firefox\xul.dll +0x1397da6]
#11: GIFFT_TimingDistributionCancel[C:\Program Files\Mozilla Firefox\xul.dll +0x139247f]
#12: soundtouch::SoundTouch::operator=[C:\Program Files\Mozilla Firefox\xul.dll +0x465567d]
#13: GIFFT_TimingDistributionCancel[C:\Program Files\Mozilla Firefox\xul.dll +0x1c3d363]
#14: GIFFT_TimingDistributionCancel[C:\Program Files\Mozilla Firefox\xul.dll +0x1c18f8b]
#15: GIFFT_TimingDistributionCancel[C:\Program Files\Mozilla Firefox\xul.dll +0x1789fc2]
#16: GIFFT_TimingDistributionCancel[C:\Program Files\Mozilla Firefox\xul.dll +0x1d86590]
#17: GIFFT_TimingDistributionCancel[C:\Program Files\Mozilla Firefox\xul.dll +0x1d7550f]
#18: GIFFT_TimingDistributionCancel[C:\Program Files\Mozilla Firefox\xul.dll +0x1538879]
#19: XRE_GetBootstrap[C:\Program Files\Mozilla Firefox\xul.dll +0x729e5]
#20: XRE_GetBootstrap[C:\Program Files\Mozilla Firefox\xul.dll +0x728f5]
#21: workerlz4_compress[C:\Program Files\Mozilla Firefox\xul.dll +0xa20a42]
#22: XRE_GetBootstrap[C:\Program Files\Mozilla Firefox\xul.dll +0x6fc10]
#23: workerlz4_compress[C:\Program Files\Mozilla Firefox\xul.dll +0x843648]
#24: workerlz4_compress[C:\Program Files\Mozilla Firefox\xul.dll +0x840206]
#25: GIFFT_TimingDistributionCancel[C:\Program Files\Mozilla Firefox\xul.dll +0x176e953]
#26: GIFFT_TimingDistributionCancel[C:\Program Files\Mozilla Firefox\xul.dll +0x17665a3]
#27: workerlz4_compress[C:\Program Files\Mozilla Firefox\xul.dll +0xa3ca4b]
#28: GIFFT_TimingDistributionCancel[C:\Program Files\Mozilla Firefox\xul.dll +0x1c218de]
#29: GIFFT_TimingDistributionCancel[C:\Program Files\Mozilla Firefox\xul.dll +0x1d76475]
#30: GIFFT_TimingDistributionCancel[C:\Program Files\Mozilla Firefox\xul.dll +0x183ce1d]
#31: GIFFT_TimingDistributionCancel[C:\Program Files\Mozilla Firefox\xul.dll +0x17d197f]
#32: GIFFT_TimingDistributionCancel[C:\Program Files\Mozilla Firefox\xul.dll +0x1a35159]
#33: GIFFT_TimingDistributionCancel[C:\Program Files\Mozilla Firefox\xul.dll +0x17d16a5]
#34: GIFFT_TimingDistributionCancel[C:\Program Files\Mozilla Firefox\xul.dll +0x1f2aa29]
#35: XRE_GetBootstrap[C:\Program Files\Mozilla Firefox\xul.dll +0x1b5f8]
#36: GIFFT_TimingDistributionCancel[C:\Program Files\Mozilla Firefox\xul.dll +0x1f47f2b]
#37: soundtouch::SoundTouch::operator=[C:\Program Files\Mozilla Firefox\xul.dll +0x44b0a5b]
#38: soundtouch::SoundTouch::operator=[C:\Program Files\Mozilla Firefox\xul.dll +0x44b1edc]
#39: GIFFT_TimingDistributionCancel[C:\Program Files\Mozilla Firefox\xul.dll +0x1f2e2a3]
#40: GetNtLoaderAPI[C:\Program Files\Mozilla Firefox\firefox.exe +0x19b7e]
#41: IsSandboxedProcess[C:\Program Files\Mozilla Firefox\firefox.exe +0x27a48]
#42: BaseThreadInitThunk[C:\WINDOWS\System32\KERNEL32.DLL +0x154e0]
#43: ???[C:\WINDOWS\SYSTEM32\ntdll.dll +0x485b]
1657975630144	geckodriver	INFO	Listening on 127.0.0.1:50227
1657975633199	mozrunner::runner	INFO	Running command: "C:\\Program Files\\Mozilla Firefox\\firefox.exe" "--marionette" "--headless" "--remote-debugging-port" "50228" "--remote-allow-hosts" "localhost" "-no-remote" "-profile" "C:\\Users\\joses\\AppData\\Local\\Temp\\rust_mozprofileX7RiFq"
*** You are running in headless mode.
1657975633603	Marionette	INFO	Marionette enabled
1657975633608	Marionette	INFO	Listening on port 50237
WebDriver BiDi listening on ws://localhost:50228
Read port: 50237
1657975638848	geckodriver	INFO	Listening on 127.0.0.1:50240
1657975641911	mozrunner::runner	INFO	Running command: "C:\\Program Files\\Mozilla Firefox\\firefox.exe" "--marionette" "--headless" "--remote-debugging-port" "50241" "--remote-allow-hosts" "localhost" "-no-remote" "-profile" "C:\\Users\\joses\\AppData\\Local\\Temp\\rust_mozprofileMPsX1b"
*** You are running in headless mode.
1657975642365	Marionette	INFO	Marionette enabled
1657975642370	Marionette	INFO	Listening on port 50250
WebDriver BiDi listening on ws://localhost:50241
Read port: 50250
1657975667873	geckodriver	INFO	Listening on 127.0.0.1:50253
1657975670953	mozrunner::runner	INFO	Running command: "C:\\Program Files\\Mozilla Firefox\\firefox.exe" "--marionette" "--headless" "--remote-debugging-port" "50254" "--remote-allow-hosts" "localhost" "-no-remote" "-profile" "C:\\Users\\joses\\AppData\\Local\\Temp\\rust_mozprofileYb8Z35"
*** You are running in headless mode.
1657975671381	Marionette	INFO	Marionette enabled
1657975671385	Marionette	INFO	Listening on port 50263
WebDriver BiDi listening on ws://localhost:50254
JavaScript error: , line 0: uncaught exception: out of memory
JavaScript error: , line 0: uncaught exception: out of memory
JavaScript error: , line 0: uncaught exception: out of memory
JavaScript error: , line 0: uncaught exception: out of memory
JavaScript error: , line 0: uncaught exception: out of memory
JavaScript error: , line 0: uncaught exception: out of memory
Read port: 50263
JavaScript error: , line 0: uncaught exception: out of memory
console.error: "Error during quit-application-granted: out of memory"
console.error: "Error during quit-application-granted: out of memory"
console.error: "Error during quit-application-granted: out of memory"
console.error: "Error during quit-application-granted: out of memory"
console.error: "Error during quit-application-granted: out of memory"
console.error: "Error during quit-application-granted: out of memory"
console.error: "Error during quit-application-granted: out of memory"
console.error: "Error during quit-application-granted: out of memory"
console.error: "Error during quit-application-granted: out of memory"
console.error: "Error during quit-application-granted: out of memory"
1657975671418	Marionette	INFO	Stopped listening on port 50263
1657975671424	CDP	WARN	Failed to remove undefined (Could not parse path (undefined): NS_ERROR_FILE_UNRECOGNIZED_PATH)
WARNING: A blocker encountered an error while we were waiting.
          Blocker:  Update add-on blocklist state into add-on DB
          Phase: AddonManager: Waiting to start provider shutdown.
          State: (none)
WARNING: out of memory
WARNING: A blocker encountered an error while we were waiting.
          Blocker:  Extension shutdown: doh-rollout@mozilla.org
          Phase: profile-change-teardown
          State: {"state":""}
WARNING: out of memory
WARNING: A blocker encountered an error while we were waiting.
          Blocker:  Extension shutdown: formautofill@mozilla.org
          Phase: profile-change-teardown
          State: {"state":""}
WARNING: out of memory
WARNING: A blocker encountered an error while we were waiting.
          Blocker:  Extension shutdown: pictureinpicture@mozilla.org
          Phase: profile-change-teardown
          State: {"state":""}
WARNING: out of memory
WARNING: A blocker encountered an error while we were waiting.
          Blocker:  Extension shutdown: screenshots@mozilla.org
          Phase: profile-change-teardown
          State: {"state":""}
WARNING: out of memory
WARNING: A blocker encountered an error while we were waiting.
          Blocker:  Extension shutdown: webcompat@mozilla.org
          Phase: profile-change-teardown
          State: {"state":""}
WARNING: out of memory
JavaScript error: , line 0: uncaught exception: out of memory
JavaScript error: , line 0: uncaught exception: out of memory
JavaScript error: , line 0: uncaught exception: out of memory
JavaScript error: , line 0: uncaught exception: out of memory
JavaScript error: , line 0: uncaught exception: out of memory
JavaScript error: , line 0: uncaught exception: out of memory
JavaScript error: , line 0: uncaught exception: out of memory
JavaScript error: , line 0: uncaught exception: out of memory
JavaScript error: , line 0: uncaught exception: out of memory
JavaScript error: , line 0: uncaught exception: out of memory
JavaScript error: , line 0: uncaught exception: out of memory
JavaScript error: , line 0: uncaught exception: out of memory
JavaScript error: , line 0: uncaught exception: out of memory
JavaScript error: , line 0: uncaught exception: out of memory
JavaScript error: , line 0: uncaught exception: out of memory
JavaScript error: , line 0: uncaught exception: out of memory
JavaScript error: , line 0: uncaught exception: out of memory
WARNING: A blocker encountered an error while we were waiting.
          Blocker:  AddonManager: shutting down.
          Phase: profile-before-change
          State: [{"name":"AddonManager: Waiting to start provider shutdown.","state":"Complete"},{"name":"AddonManager: Waiting for providers to shut down.","state":"Not started"},{"name":"AddonRepository: async shutdown","state":""}]
WARNING: out of memory
console.error: "out of memory"
JavaScript error: , line 0: uncaught exception: out of memory
JavaScript error: , line 0: uncaught exception: out of memory
JavaScript error: , line 0: uncaught exception: out of memory
JavaScript error: , line 0: uncaught exception: out of memory
JavaScript error: , line 0: uncaught exception: out of memory
JavaScript error: , line 0: uncaught exception: out of memory
JavaScript error: , line 0: uncaught exception: out of memory
JavaScript error: , line 0: uncaught exception: out of memory
JavaScript error: , line 0: uncaught exception: out of memory
WARNING: A blocker encountered an error while we were waiting.
          Blocker:  TelemetryController: shutting down
          Phase: profile-before-change-telemetry
          State: Error getting state: [Exception... "File error: Not found"  nsresult: "0x80520012 (NS_ERROR_FILE_NOT_FOUND)"  location: "<unknown>"  data: no] at 
WARNING: out of memory
JavaScript error: , line 0: uncaught exception: out of memory
JavaScript error: , line 0: NS_ERROR_FILE_NOT_FOUND
JavaScript error: , line 0: uncaught exception: out of memory
JavaScript error: , line 0: uncaught exception: out of memory
1657975676317	geckodriver	INFO	Listening on 127.0.0.1:50267
1657975679383	mozrunner::runner	INFO	Running command: "C:\\Program Files\\Mozilla Firefox\\firefox.exe" "--marionette" "--headless" "--remote-debugging-port" "50268" "--remote-allow-hosts" "localhost" "-no-remote" "-profile" "C:\\Users\\joses\\AppData\\Local\\Temp\\rust_mozprofilepXjGzb"
*** You are running in headless mode.
1657975679791	Marionette	INFO	Marionette enabled
1657975679795	Marionette	INFO	Listening on port 50277
WebDriver BiDi listening on ws://localhost:50268
Read port: 50277
1657975680353	RemoteAgent	WARN	TLS certificate errors will be ignored for this session
out of memory: 0x0000000000000080 bytes requested
<jemalloc>: (malloc) Error initializing arena
out of memory: 0x0000000000000030 bytes requested
JavaScript error: chrome://browser/content/browser.js, line 340: NS_ERROR_FILE_NOT_FOUND: 
1657975707939	geckodriver	INFO	Listening on 127.0.0.1:50292
1657975711001	mozrunner::runner	INFO	Running command: "C:\\Program Files\\Mozilla Firefox\\firefox.exe" "--marionette" "--remote-debugging-port" "50293" "--remote-allow-hosts" "localhost" "-no-remote" "-profile" "C:\\Users\\joses\\AppData\\Local\\Temp\\rust_mozprofileSuJKhv"
1657975711669	Marionette	INFO	Marionette enabled
1657975711674	Marionette	INFO	Listening on port 50302
WebDriver BiDi listening on ws://localhost:50293
Read port: 50302
1657975712899	RemoteAgent	WARN	TLS certificate errors will be ignored for this session
console.warn: SearchSettings: "get: No settings file exists, new profile?" (new NotFoundError("Could not open the file at C:\\Users\\joses\\AppData\\Local\\Temp\\rust_mozprofileSuJKhv\\search.json.mozlz4", (void 0)))
DevTools listening on ws://localhost:50293/devtools/browser/a7ba39e5-74b6-491f-8a46-08a9426afc48
1657975722007	Marionette	WARN	Ignoring event 'DOMContentLoaded' because document has an invalid readyState of 'complete'.
console.warn: LoginRecipes: "getRecipes: falling back to a synchronous message for:" "http://www.bcra.gov.ar"
JavaScript error: resource://gre/actors/DateTimePickerParent.jsm, line 67: InvalidStateError: JSWindowActorParent.sendAsyncMessage: JSWindowActorParent cannot send at the moment
out of memory: 0x0000000000007FE8 bytes requested
Marionette threw an error: TypeError: browsingContext.currentWindowGlobal is null
getMarionetteCommandsActorProxy/get/<@chrome://remote/content/marionette/actors/MarionetteCommandsParent.jsm:332:29

A content process crashed and MOZ_CRASHREPORTER_SHUTDOWN is set, shutting down
1657975746484	Marionette	INFO	Stopped listening on port 50302
[Parent 5920, IPC I/O Parent] WARNING: file /builds/worker/checkouts/gecko/ipc/chromium/src/base/process_util_win.cc:167
[Parent 5920, IPC I/O Parent] WARNING: file /builds/worker/checkouts/gecko/ipc/chromium/src/base/process_util_win.cc:167
1657975818653	geckodriver	INFO	Listening on 127.0.0.1:50387
1657975821771	mozrunner::runner	INFO	Running command: "C:\\Program Files\\Mozilla Firefox\\firefox.exe" "--marionette" "--remote-debugging-port" "50388" "--remote-allow-hosts" "localhost" "-no-remote" "-profile" "C:\\Users\\joses\\AppData\\Local\\Temp\\rust_mozprofileXFGrdg"
1657975823485	Marionette	INFO	Marionette enabled
1657975823499	Marionette	INFO	Listening on port 50397
WebDriver BiDi listening on ws://localhost:50388
Read port: 50397
1657975824249	RemoteAgent	WARN	TLS certificate errors will be ignored for this session
console.warn: SearchSettings: "get: No settings file exists, new profile?" (new NotFoundError("Could not open the file at C:\\Users\\joses\\AppData\\Local\\Temp\\rust_mozprofileXFGrdg\\search.json.mozlz4", (void 0)))
DevTools listening on ws://localhost:50388/devtools/browser/d6e27019-8fdd-483c-b2e9-798bdfcd31de
1657975832562	Marionette	WARN	TimedPromise timed out after 500 ms: stacktrace:
TimedPromise/<@chrome://remote/content/marionette/sync.js:234:19
TimedPromise@chrome://remote/content/marionette/sync.js:219:10
interaction.flushEventLoop@chrome://remote/content/marionette/interaction.js:431:10
webdriverClickElement@chrome://remote/content/marionette/interaction.js:179:31
console.warn: LoginRecipes: "getRecipes: falling back to a synchronous message for:" "http://www.bcra.gov.ar"
out of memory: 0x0000000000000078 bytes requested
Marionette threw an error: TypeError: browsingContext.currentWindowGlobal is null
getMarionetteCommandsActorProxy/get/<@chrome://remote/content/marionette/actors/MarionetteCommandsParent.jsm:332:29

A content process crashed and MOZ_CRASHREPORTER_SHUTDOWN is set, shutting down
1657975841038	Marionette	INFO	Stopped listening on port 50397
[Parent 9528, IPC I/O Parent] WARNING: file /builds/worker/checkouts/gecko/ipc/chromium/src/base/process_util_win.cc:167
[Parent 9528, IPC I/O Parent] WARNING: file /builds/worker/checkouts/gecko/ipc/chromium/src/base/process_util_win.cc:167
1657977760909	geckodriver	INFO	Listening on 127.0.0.1:50629
1657977763976	mozrunner::runner	INFO	Running command: "C:\\Program Files\\Mozilla Firefox\\firefox.exe" "--marionette" "--headless" "--remote-debugging-port" "50630" "--remote-allow-hosts" "localhost" "-no-remote" "-profile" "C:\\Users\\joses\\AppData\\Local\\Temp\\rust_mozprofileQa2oEW"
*** You are running in headless mode.
1657977765265	Marionette	INFO	Marionette enabled
1657977765269	Marionette	INFO	Listening on port 50639
WebDriver BiDi listening on ws://localhost:50630
Read port: 50639
1657977765936	RemoteAgent	WARN	TLS certificate errors will be ignored for this session
[GFX1-]: RenderCompositorSWGL failed mapping default framebuffer, no dt
console.warn: SearchSettings: "get: No settings file exists, new profile?" (new NotFoundError("Could not open the file at C:\\Users\\joses\\AppData\\Local\\Temp\\rust_mozprofileQa2oEW\\search.json.mozlz4", (void 0)))
DevTools listening on ws://localhost:50630/devtools/browser/88964945-fbf2-4d7f-9c95-dc097e8070ed
1657977771902	Marionette	WARN	Ignoring event 'DOMContentLoaded' because document has an invalid readyState of 'complete'.
console.warn: LoginRecipes: "getRecipes: falling back to a synchronous message for:" "http://www.bcra.gov.ar"
1657977816613	geckodriver	INFO	Listening on 127.0.0.1:50701
1657977819652	mozrunner::runner	INFO	Running command: "C:\\Program Files\\Mozilla Firefox\\firefox.exe" "--marionette" "--headless" "--remote-debugging-port" "50702" "--remote-allow-hosts" "localhost" "-no-remote" "-profile" "C:\\Users\\joses\\AppData\\Local\\Temp\\rust_mozprofileBIE0id"
*** You are running in headless mode.
1657977820181	Marionette	INFO	Marionette enabled
1657977820185	Marionette	INFO	Listening on port 50711
WebDriver BiDi listening on ws://localhost:50702
Read port: 50711
1657977820726	RemoteAgent	WARN	TLS certificate errors will be ignored for this session
[GFX1-]: RenderCompositorSWGL failed mapping default framebuffer, no dt
console.warn: SearchSettings: "get: No settings file exists, new profile?" (new NotFoundError("Could not open the file at C:\\Users\\joses\\AppData\\Local\\Temp\\rust_mozprofileBIE0id\\search.json.mozlz4", (void 0)))
DevTools listening on ws://localhost:50702/devtools/browser/acafdef8-7509-4711-9f58-61815231e59d
console.warn: LoginRecipes: "getRecipes: falling back to a synchronous message for:" "http://www.bcra.gov.ar"
[Parent 16896, IPC I/O Parent] WARNING: file /builds/worker/checkouts/gecko/ipc/chromium/src/base/process_util_win.cc:167
ram Files\\Mozilla Firefox\\firefox.exe" "--marionette" "--headless" "--remote-debugging-port" "50776" "--remote-allow-hosts" "localhost" "-no-remote" "-profile" "C:\\Users\\joses\\AppData\\Local\\Temp\\rust_mozprofilewq75kv"
*** You are running in headless mode.
1657978029165	Marionette	INFO	Marionette enabled
1657978029174	Marionette	INFO	Listening on port 50785
WebDriver BiDi listening on ws://localhost:50776
Read port: 50785
1657978029834	RemoteAgent	WARN	TLS certificate errors will be ignored for this session
[GFX1-]: RenderCompositorSWGL failed mapping default framebuffer, no dt
console.warn: SearchSettings: "get: No settings file exists, new profile?" (new NotFoundError("Could not open the file at C:\\Users\\joses\\AppData\\Local\\Temp\\rust_mozprofilewq75kv\\search.json.mozlz4", (void 0)))
DevTools listening on ws://localhost:50776/devtools/browser/2df29f7a-ed96-4743-939b-eb4d5ccbb135
1657978035750	Marionette	WARN	Ignoring event 'DOMContentLoaded' because document has an invalid readyState of 'complete'.
console.warn: LoginRecipes: "getRecipes: falling back to a synchronous message for:" "http://www.bcra.gov.ar"
[Parent 13176, IPC I/O Parent] WARNING: file /builds/worker/checkouts/gecko/ipc/chromium/src/base/process_util_win.cc:167
1657978049781	geckodriver	INFO	Listening on 127.0.0.1:50835
1657978052778	mozrunner::runner	INFO	Running command: "C:\\Program Files\\Mozilla Firefox\\firefox.exe" "--marionette" "--headless" "--remote-debugging-port" "50836" "--remote-allow-hosts" "localhost" "-no-remote" "-profile" "C:\\Users\\joses\\AppData\\Local\\Temp\\rust_mozprofilerf8UFM"
*** You are running in headless mode.
1657978054993	Marionette	INFO	Marionette enabled
1657978055004	Marionette	INFO	Listening on port 50845
WebDriver BiDi listening on ws://localhost:50836
Read port: 50845
1657978056065	RemoteAgent	WARN	TLS certificate errors will be ignored for this session
[GFX1-]: RenderCompositorSWGL failed mapping default framebuffer, no dt
console.warn: SearchSettings: "get: No settings file exists, new profile?" (new NotFoundError("Could not open the file at C:\\Users\\joses\\AppData\\Local\\Temp\\rust_mozprofilerf8UFM\\search.json.mozlz4", (void 0)))
DevTools listening on ws://localhost:50836/devtools/browser/d835ddac-bd9a-4713-8f15-4481ba1f79aa
console.warn: LoginRecipes: "getRecipes: falling back to a synchronous message for:" "http://www.bcra.gov.ar"
1657978064823	Marionette	WARN	TimedPromise timed out after 500 ms: stacktrace:
TimedPromise/<@chrome://remote/content/marionette/sync.js:234:19
TimedPromise@chrome://remote/content/marionette/sync.js:219:10
interaction.flushEventLoop@chrome://remote/content/marionette/interaction.js:431:10
webdriverClickElement@chrome://remote/content/marionette/interaction.js:179:31
out of memory: 0x0000000000001000 bytes requested
Marionette threw an error: TypeError: browsingContext.currentWindowGlobal is null
getMarionetteCommandsActorProxy/get/<@chrome://remote/content/marionette/actors/MarionetteCommandsParent.jsm:332:29

A content process crashed and MOZ_CRASHREPORTER_SHUTDOWN is set, shutting down
1657978084455	Marionette	INFO	Stopped listening on port 50845
[Parent 608, IPC I/O Parent] WARNING: file /builds/worker/checkouts/gecko/ipc/chromium/src/base/process_util_win.cc:167
[Parent 608, IPC I/O Parent] WARNING: file /builds/worker/checkouts/gecko/ipc/chromium/src/base/process_util_win.cc:167
1657978281057	geckodriver	INFO	Listening on 127.0.0.1:50968
1657978284085	mozrunner::runner	INFO	Running command: "C:\\Program Files\\Mozilla Firefox\\firefox.exe" "--marionette" "--headless" "--remote-debugging-port" "50969" "--remote-allow-hosts" "localhost" "-no-remote" "-profile" "C:\\Users\\joses\\AppData\\Local\\Temp\\rust_mozprofileRXl4Rg"
*** You are running in headless mode.
1657978285170	Marionette	INFO	Marionette enabled
1657978285181	Marionette	INFO	Listening on port 50985
WebDriver BiDi listening on ws://localhost:50969
Read port: 50985
1657978286234	RemoteAgent	WARN	TLS certificate errors will be ignored for this session
[GFX1-]: RenderCompositorSWGL failed mapping default framebuffer, no dt
console.warn: SearchSettings: "get: No settings file exists, new profile?" (new NotFoundError("Could not open the file at C:\\Users\\joses\\AppData\\Local\\Temp\\rust_mozprofileRXl4Rg\\search.json.mozlz4", (void 0)))
console.error: Region.jsm: "Error fetching region" (new Error("TIMEOUT", "resource://gre/modules/Region.jsm", 767))
console.error: Region.jsm: "Failed to fetch region" (new Error("TIMEOUT", "resource://gre/modules/Region.jsm", 419))
DevTools listening on ws://localhost:50969/devtools/browser/6894ab22-620f-4d65-bfde-36cd88ef50a2
JavaScript error: resource://activity-stream/lib/ActivityStream.jsm, line 584: NS_ERROR_FILE_NOT_FOUND
JavaScript error: , line 0: uncaught exception: out of memory
1657978327151	geckodriver	INFO	Listening on 127.0.0.1:51047
1657978330227	mozrunner::runner	INFO	Running command: "C:\\Program Files\\Mozilla Firefox\\firefox.exe" "--marionette" "--headless" "--remote-debugging-port" "51048" "--remote-allow-hosts" "localhost" "-no-remote" "-profile" "C:\\Users\\joses\\AppData\\Local\\Temp\\rust_mozprofileNzEdhn"
*** You are running in headless mode.
1657978330987	Marionette	INFO	Marionette enabled
1657978330994	Marionette	INFO	Listening on port 51057
WebDriver BiDi listening on ws://localhost:51048
Read port: 51057
Read port: 51057
1657978333000	RemoteAgent	WARN	TLS certificate errors will be ignored for this session
[GFX1-]: RenderCompositorSWGL failed mapping default framebuffer, no dt
console.warn: SearchSettings: "get: No settings file exists, new profile?" (new NotFoundError("Could not open the file at C:\\Users\\joses\\AppData\\Local\\Temp\\rust_mozprofileNzEdhn\\search.json.mozlz4", (void 0)))
DevTools listening on ws://localhost:51048/devtools/browser/237acc03-352f-4aef-9b40-8341e943220b
1657978336636	Marionette	WARN	Ignoring event 'DOMContentLoaded' because document has an invalid readyState of 'complete'.
console.warn: LoginRecipes: "getRecipes: falling back to a synchronous message for:" "http://www.bcra.gov.ar"
1657978414327	geckodriver	INFO	Listening on 127.0.0.1:51163
1657978417392	mozrunner::runner	INFO	Running command: "C:\\Program Files\\Mozilla Firefox\\firefox.exe" "--marionette" "--headless" "--remote-debugging-port" "51164" "--remote-allow-hosts" "localhost" "-no-remote" "-profile" "C:\\Users\\joses\\AppData\\Local\\Temp\\rust_mozprofileJLdFM8"
*** You are running in headless mode.
1657978417983	Marionette	INFO	Marionette enabled
1657978417992	Marionette	INFO	Listening on port 51173
WebDriver BiDi listening on ws://localhost:51164
Read port: 51173
1657978418617	RemoteAgent	WARN	TLS certificate errors will be ignored for this session
[GFX1-]: RenderCompositorSWGL failed mapping default framebuffer, no dt
console.warn: SearchSettings: "get: No settings file exists, new profile?" (new NotFoundError("Could not open the file at C:\\Users\\joses\\AppData\\Local\\Temp\\rust_mozprofileJLdFM8\\search.json.mozlz4", (void 0)))
DevTools listening on ws://localhost:51164/devtools/browser/eaf4126c-c886-43ba-8cdd-8f7e5b5e878f
console.warn: LoginRecipes: "getRecipes: falling back to a synchronous message for:" "http://www.bcra.gov.ar"
1657978458999	geckodriver	INFO	Listening on 127.0.0.1:51220
1657978462029	mozrunner::runner	INFO	Running command: "C:\\Program Files\\Mozilla Firefox\\firefox.exe" "--marionette" "--headless" "--remote-debugging-port" "51221" "--remote-allow-hosts" "localhost" "-no-remote" "-profile" "C:\\Users\\joses\\AppData\\Local\\Temp\\rust_mozprofileSgRAOT"
*** You are running in headless mode.
1657978462472	Marionette	INFO	Marionette enabled
1657978462477	Marionette	INFO	Listening on port 51231
WebDriver BiDi listening on ws://localhost:51221
Read port: 51231
1657978463135	RemoteAgent	WARN	TLS certificate errors will be ignored for this session
[GFX1-]: RenderCompositorSWGL failed mapping default framebuffer, no dt
console.warn: SearchSettings: "get: No settings file exists, new profile?" (new NotFoundError("Could not open the file at C:\\Users\\joses\\AppData\\Local\\Temp\\rust_mozprofileSgRAOT\\search.json.mozlz4", (void 0)))
DevTools listening on ws://localhost:51221/devtools/browser/37d021a0-d912-4a65-8022-c04820b2fc14
console.warn: LoginRecipes: "getRecipes: falling back to a synchronous message for:" "http://www.bcra.gov.ar"
1657978506737	geckodriver	INFO	Listening on 127.0.0.1:51284
1657978509783	mozrunner::runner	INFO	Running command: "C:\\Program Files\\Mozilla Firefox\\firefox.exe" "--marionette" "--headless" "--remote-debugging-port" "51285" "--remote-allow-hosts" "localhost" "-no-remote" "-profile" "C:\\Users\\joses\\AppData\\Local\\Temp\\rust_mozprofilesU6ODq"
*** You are running in headless mode.
1657978510218	Marionette	INFO	Marionette enabled
1657978510222	Marionette	INFO	Listening on port 51294
WebDriver BiDi listening on ws://localhost:51285
Read port: 51294
1657978511025	RemoteAgent	WARN	TLS certificate errors will be ignored for this session
[GFX1-]: RenderCompositorSWGL failed mapping default framebuffer, no dt
console.warn: SearchSettings: "get: No settings file exists, new profile?" (new NotFoundError("Could not open the file at C:\\Users\\joses\\AppData\\Local\\Temp\\rust_mozprofilesU6ODq\\search.json.mozlz4", (void 0)))
DevTools listening on ws://localhost:51285/devtools/browser/81d3c87a-d51e-4557-ada9-49498414bd0c
1657978516455	Marionette	WARN	Ignoring event 'DOMContentLoaded' because document has an invalid readyState of 'complete'.
console.warn: LoginRecipes: "getRecipes: falling back to a synchronous message for:" "http://www.bcra.gov.ar"
1657978604587	geckodriver	INFO	Listening on 127.0.0.1:51350
1657978607620	mozrunner::runner	INFO	Running command: "C:\\Program Files\\Mozilla Firefox\\firefox.exe" "--marionette" "--headless" "--remote-debugging-port" "51351" "--remote-allow-hosts" "localhost" "-no-remote" "-profile" "C:\\Users\\joses\\AppData\\Local\\Temp\\rust_mozprofiletfVSBZ"
*** You are running in headless mode.
1657978609022	Marionette	INFO	Marionette enabled
1657978609028	Marionette	INFO	Listening on port 51361
WebDriver BiDi listening on ws://localhost:51351
Read port: 51361
1657978609632	RemoteAgent	WARN	TLS certificate errors will be ignored for this session
JavaScript error: resource:///modules/sessionstore/ContentSessionStore.jsm, line 143: uncaught exception: out of memory
JavaScript error: , line 0: uncaught exception: out of memory
out of memory: 0x0000000000006000 bytes requested
JavaScript error: chrome://remote/content/cdp/targets/TabTarget.jsm, line 31: uncaught exception: out of memory
out of memory: 0x0000000000000098 bytes requested
1657978670117	geckodriver	INFO	Listening on 127.0.0.1:51410
1657978673180	mozrunner::runner	INFO	Running command: "C:\\Program Files\\Mozilla Firefox\\firefox.exe" "--marionette" "--headless" "--remote-debugging-port" "51411" "--remote-allow-hosts" "localhost" "-no-remote" "-profile" "C:\\Users\\joses\\AppData\\Local\\Temp\\rust_mozprofileDoXJ5R"
*** You are running in headless mode.
1657978673576	Marionette	INFO	Marionette enabled
1657978673580	Marionette	INFO	Listening on port 51420
WebDriver BiDi listening on ws://localhost:51411
Read port: 51420
1657978674208	RemoteAgent	WARN	TLS certificate errors will be ignored for this session
[GFX1-]: RenderCompositorSWGL failed mapping default framebuffer, no dt
console.warn: SearchSettings: "get: No settings file exists, new profile?" (new NotFoundError("Could not open the file at C:\\Users\\joses\\AppData\\Local\\Temp\\rust_mozprofileDoXJ5R\\search.json.mozlz4", (void 0)))
DevTools listening on ws://localhost:51411/devtools/browser/c649a2c4-0c7e-495c-a1db-426a07d8e15a
console.warn: LoginRecipes: "getRecipes: falling back to a synchronous message for:" "http://www.bcra.gov.ar"
[Parent 1068, IPC I/O Parent] WARNING: file /builds/worker/checkouts/gecko/ipc/chromium/src/base/process_util_win.cc:167
gram Files\\Mozilla Firefox\\firefox.exe" "--marionette" "--headless" "--remote-debugging-port" "51470" "--remote-allow-hosts" "localhost" "-no-remote" "-profile" "C:\\Users\\joses\\AppData\\Local\\Temp\\rust_mozprofile1MwSnO"
*** You are running in headless mode.
1657978713235	Marionette	INFO	Marionette enabled
1657978713241	Marionette	INFO	Listening on port 51479
WebDriver BiDi listening on ws://localhost:51470
Read port: 51479
1657978713900	RemoteAgent	WARN	TLS certificate errors will be ignored for this session
[GFX1-]: RenderCompositorSWGL failed mapping default framebuffer, no dt
console.warn: SearchSettings: "get: No settings file exists, new profile?" (new NotFoundError("Could not open the file at C:\\Users\\joses\\AppData\\Local\\Temp\\rust_mozprofile1MwSnO\\search.json.mozlz4", (void 0)))
DevTools listening on ws://localhost:51470/devtools/browser/5c3194c4-1a1b-4eb5-944b-745093e75331
console.warn: LoginRecipes: "getRecipes: falling back to a synchronous message for:" "http://www.bcra.gov.ar"
1657978783567	geckodriver	INFO	Listening on 127.0.0.1:51537
1657978786619	mozrunner::runner	INFO	Running command: "C:\\Program Files\\Mozilla Firefox\\firefox.exe" "--marionette" "--headless" "--remote-debugging-port" "51538" "--remote-allow-hosts" "localhost" "-no-remote" "-profile" "C:\\Users\\joses\\AppData\\Local\\Temp\\rust_mozprofileMTVcBd"
*** You are running in headless mode.
1657978787029	Marionette	INFO	Marionette enabled
1657978787033	Marionette	INFO	Listening on port 51547
WebDriver BiDi listening on ws://localhost:51538
Read port: 51547
1657978787703	RemoteAgent	WARN	TLS certificate errors will be ignored for this session
[GFX1-]: RenderCompositorSWGL failed mapping default framebuffer, no dt
console.warn: SearchSettings: "get: No settings file exists, new profile?" (new NotFoundError("Could not open the file at C:\\Users\\joses\\AppData\\Local\\Temp\\rust_mozprofileMTVcBd\\search.json.mozlz4", (void 0)))
DevTools listening on ws://localhost:51538/devtools/browser/c24b9c0d-dde5-4b43-ab6d-da7bb31975a2
1657978793442	Marionette	WARN	Ignoring event 'DOMContentLoaded' because document has an invalid readyState of 'complete'.
console.warn: LoginRecipes: "getRecipes: falling back to a synchronous message for:" "http://www.bcra.gov.ar"
